#
# There is insufficient memory for the Java Runtime Environment to continue.
# Native memory allocation (malloc) failed to allocate 347616 bytes for Chunk::new
# Possible reasons:
#   The system is out of physical RAM or swap space
#   The process is running with CompressedOops enabled, and the Java Heap may be blocking the growth of the native heap
# Possible solutions:
#   Reduce memory load on the system
#   Increase physical memory or swap space
#   Check if swap backing store is full
#   Decrease Java heap size (-Xmx/-Xms)
#   Decrease number of Java threads
#   Decrease Java thread stack sizes (-Xss)
#   Set larger code cache with -XX:ReservedCodeCacheSize=
#   JVM is running with Zero Based Compressed Oops mode in which the Java heap is
#     placed in the first 32GB address space. The Java Heap base address is the
#     maximum limit for the native heap growth. Please use -XX:HeapBaseMinAddress
#     to set the Java Heap base and to place the Java Heap above 32GB virtual address.
# This output file may be truncated or incomplete.
#
#  Out of Memory Error (arena.cpp:189), pid=14576, tid=17792
#
# JRE version: Java(TM) SE Runtime Environment (17.0.1+12) (build 17.0.1+12-LTS-39)
# Java VM: Java HotSpot(TM) 64-Bit Server VM (17.0.1+12-LTS-39, mixed mode, sharing, tiered, compressed oops, compressed class ptrs, g1 gc, windows-amd64)
# No core dump will be written. Minidumps are not enabled by default on client versions of Windows
#

---------------  S U M M A R Y ------------

Command Line: -Dclassworlds.conf=C:\Program Files\NetBeans-13\netbeans\java\maven\bin\m2.conf -Dmaven.home=C:\Program Files\NetBeans-13\netbeans\java\maven -Dlibrary.jansi.path=C:\Program Files\NetBeans-13\netbeans\java\maven\lib\jansi-native -Dmaven.multiModuleProjectDirectory=C:\Users\brenno.lima\OneDrive - Works Informatica\Documentos\NetBeansProjects\Projeto\Projeto org.codehaus.plexus.classworlds.launcher.Launcher -Dexec.vmArgs= -Dexec.args=${exec.vmArgs} -classpath %classpath ${exec.mainClass} ${exec.appArgs} -Dexec.executable=C:\Program Files\Java\jdk-17.0.1\bin\java.exe -Dexec.mainClass=charada.jogo_textual -Dexec.classpathScope=runtime -Dexec.appArgs= -Dmaven.ext.class.path=C:\Program Files\NetBeans-13\netbeans\java\maven-nblib\netbeans-eventspy.jar -Dfile.encoding=UTF-8 org.codehaus.mojo:exec-maven-plugin:3.0.0:exec

Host: Intel(R) Core(TM) i5-7200U CPU @ 2.50GHz, 4 cores, 15G,  Windows 10 , 64 bit Build 19041 (10.0.19041.1706)
Time: Mon May 30 15:06:07 2022 Hora oficial do Brasil elapsed time: 0.706179 seconds (0d 0h 0m 0s)

---------------  T H R E A D  ---------------

Current thread (0x0000015be56193a0):  JavaThread "C2 CompilerThread0" daemon [_thread_in_native, id=17792, stack(0x0000001289900000,0x0000001289a00000)]


Current CompileTask:
C2:    706  631  s!   4       jdk.internal.loader.URLClassPath::getLoader (194 bytes)

Stack: [0x0000001289900000,0x0000001289a00000]
Native frames: (J=compiled Java code, j=interpreted, Vv=VM code, C=native code)
V  [jvm.dll+0x66fa1a]
V  [jvm.dll+0x7ce5a4]
V  [jvm.dll+0x7cfd4e]
V  [jvm.dll+0x7d03b3]
V  [jvm.dll+0x242b05]
V  [jvm.dll+0xaa05b]
V  [jvm.dll+0xaa5ec]
V  [jvm.dll+0x35fa07]
V  [jvm.dll+0x329f51]
V  [jvm.dll+0x3293fa]
V  [jvm.dll+0x215bf1]
V  [jvm.dll+0x215011]
V  [jvm.dll+0x1a168d]
V  [jvm.dll+0x224848]
V  [jvm.dll+0x2229ac]
V  [jvm.dll+0x78435b]
V  [jvm.dll+0x77e91a]
V  [jvm.dll+0x66e845]
C  [ucrtbase.dll+0x21bb2]
C  [KERNEL32.DLL+0x17034]
C  [ntdll.dll+0x52651]


---------------  P R O C E S S  ---------------

Threads class SMR info:
_java_thread_list=0x0000015be60fe0f0, length=12, elements={
0x0000015bc10be7c0, 0x0000015be55ea9d0, 0x0000015be55eb750, 0x0000015be5600dd0,
0x0000015be56028a0, 0x0000015be5606180, 0x0000015be5606a40, 0x0000015be56193a0,
0x0000015be561c8d0, 0x0000015be5626de0, 0x0000015be60f6030, 0x0000015be6103d70
}

Java Threads: ( => current thread )
  0x0000015bc10be7c0 JavaThread "main" [_thread_in_native, id=12860, stack(0x0000001288c00000,0x0000001288d00000)]
  0x0000015be55ea9d0 JavaThread "Reference Handler" daemon [_thread_blocked, id=11164, stack(0x0000001289300000,0x0000001289400000)]
  0x0000015be55eb750 JavaThread "Finalizer" daemon [_thread_blocked, id=18316, stack(0x0000001289400000,0x0000001289500000)]
  0x0000015be5600dd0 JavaThread "Signal Dispatcher" daemon [_thread_blocked, id=4132, stack(0x0000001289500000,0x0000001289600000)]
  0x0000015be56028a0 JavaThread "Attach Listener" daemon [_thread_blocked, id=13540, stack(0x0000001289600000,0x0000001289700000)]
  0x0000015be5606180 JavaThread "Service Thread" daemon [_thread_blocked, id=7384, stack(0x0000001289700000,0x0000001289800000)]
  0x0000015be5606a40 JavaThread "Monitor Deflation Thread" daemon [_thread_blocked, id=16020, stack(0x0000001289800000,0x0000001289900000)]
=>0x0000015be56193a0 JavaThread "C2 CompilerThread0" daemon [_thread_in_native, id=17792, stack(0x0000001289900000,0x0000001289a00000)]
  0x0000015be561c8d0 JavaThread "C1 CompilerThread0" daemon [_thread_blocked, id=8704, stack(0x0000001289a00000,0x0000001289b00000)]
  0x0000015be5626de0 JavaThread "Sweeper thread" daemon [_thread_blocked, id=5508, stack(0x0000001289b00000,0x0000001289c00000)]
  0x0000015be60f6030 JavaThread "Notification Thread" daemon [_thread_blocked, id=18384, stack(0x0000001289c00000,0x0000001289d00000)]
  0x0000015be6103d70 JavaThread "Common-Cleaner" daemon [_thread_blocked, id=17752, stack(0x0000001289e00000,0x0000001289f00000)]

Other Threads:
  0x0000015be55e6ed0 VMThread "VM Thread" [stack: 0x0000001289200000,0x0000001289300000] [id=2864]
  0x0000015bc32546e0 WatcherThread [stack: 0x0000001289d00000,0x0000001289e00000] [id=9784]
  0x0000015bc3231640 GCTaskThread "GC Thread#0" [stack: 0x0000001288d00000,0x0000001288e00000] [id=14256]
  0x0000015bc32422d0 ConcurrentGCThread "G1 Main Marker" [stack: 0x0000001288e00000,0x0000001288f00000] [id=9496]
  0x0000015bc3243390 ConcurrentGCThread "G1 Conc#0" [stack: 0x0000001288f00000,0x0000001289000000] [id=16636]
  0x0000015be54b20c0 ConcurrentGCThread "G1 Refine#0" [stack: 0x0000001289000000,0x0000001289100000] [id=18224]
  0x0000015be54b29f0 ConcurrentGCThread "G1 Service" [stack: 0x0000001289100000,0x0000001289200000] [id=5188]

Threads with active compile tasks:
C2 CompilerThread0      743  631  s!   4       jdk.internal.loader.URLClassPath::getLoader (194 bytes)
C1 CompilerThread0      743  693       3       java.util.zip.ZipFile::getZipEntry (322 bytes)

VM state: not at safepoint (normal execution)

VM Mutex/Monitor currently owned by a thread: None

Heap address: 0x0000000701c00000, size: 4068 MB, Compressed Oops mode: Zero based, Oop shift amount: 3

CDS archive(s) mapped at: [0x0000000800000000-0x0000000800bc0000-0x0000000800bc0000), size 12320768, SharedBaseAddress: 0x0000000800000000, ArchiveRelocationMode: 0.
Compressed class space mapped at: 0x0000000800c00000-0x0000000840c00000, reserved size: 1073741824
Narrow klass base: 0x0000000800000000, Narrow klass shift: 0, Narrow klass range: 0x100000000

GC Precious Log:
 CPUs: 4 total, 4 available
 Memory: 16265M
 Large Page Support: Disabled
 NUMA Support: Disabled
 Compressed Oops: Enabled (Zero based)
 Heap Region Size: 2M
 Heap Min Capacity: 8M
 Heap Initial Capacity: 256M
 Heap Max Capacity: 4068M
 Pre-touch: Disabled
 Parallel Workers: 4
 Concurrent Workers: 1
 Concurrent Refinement Workers: 4
 Periodic GC: Disabled

Heap:
 garbage-first heap   total 262144K, used 8192K [0x0000000701c00000, 0x0000000800000000)
  region size 2048K, 5 young (10240K), 0 survivors (0K)
 Metaspace       used 2601K, committed 2752K, reserved 1056768K
  class space    used 250K, committed 320K, reserved 1048576K

Heap Regions: E=young(eden), S=young(survivor), O=old, HS=humongous(starts), HC=humongous(continues), CS=collection set, F=free, OA=open archive, CA=closed archive, TAMS=top-at-mark-start (previous, next)
|   0|0x0000000701c00000, 0x0000000701c00000, 0x0000000701e00000|  0%| F|  |TAMS 0x0000000701c00000, 0x0000000701c00000| Untracked 
|   1|0x0000000701e00000, 0x0000000701e00000, 0x0000000702000000|  0%| F|  |TAMS 0x0000000701e00000, 0x0000000701e00000| Untracked 
|   2|0x0000000702000000, 0x0000000702000000, 0x0000000702200000|  0%| F|  |TAMS 0x0000000702000000, 0x0000000702000000| Untracked 
|   3|0x0000000702200000, 0x0000000702200000, 0x0000000702400000|  0%| F|  |TAMS 0x0000000702200000, 0x0000000702200000| Untracked 
|   4|0x0000000702400000, 0x0000000702400000, 0x0000000702600000|  0%| F|  |TAMS 0x0000000702400000, 0x0000000702400000| Untracked 
|   5|0x0000000702600000, 0x0000000702600000, 0x0000000702800000|  0%| F|  |TAMS 0x0000000702600000, 0x0000000702600000| Untracked 
|   6|0x0000000702800000, 0x0000000702800000, 0x0000000702a00000|  0%| F|  |TAMS 0x0000000702800000, 0x0000000702800000| Untracked 
|   7|0x0000000702a00000, 0x0000000702a00000, 0x0000000702c00000|  0%| F|  |TAMS 0x0000000702a00000, 0x0000000702a00000| Untracked 
|   8|0x0000000702c00000, 0x0000000702c00000, 0x0000000702e00000|  0%| F|  |TAMS 0x0000000702c00000, 0x0000000702c00000| Untracked 
|   9|0x0000000702e00000, 0x0000000702e00000, 0x0000000703000000|  0%| F|  |TAMS 0x0000000702e00000, 0x0000000702e00000| Untracked 
|  10|0x0000000703000000, 0x0000000703000000, 0x0000000703200000|  0%| F|  |TAMS 0x0000000703000000, 0x0000000703000000| Untracked 
|  11|0x0000000703200000, 0x0000000703200000, 0x0000000703400000|  0%| F|  |TAMS 0x0000000703200000, 0x0000000703200000| Untracked 
|  12|0x0000000703400000, 0x0000000703400000, 0x0000000703600000|  0%| F|  |TAMS 0x0000000703400000, 0x0000000703400000| Untracked 
|  13|0x0000000703600000, 0x0000000703600000, 0x0000000703800000|  0%| F|  |TAMS 0x0000000703600000, 0x0000000703600000| Untracked 
|  14|0x0000000703800000, 0x0000000703800000, 0x0000000703a00000|  0%| F|  |TAMS 0x0000000703800000, 0x0000000703800000| Untracked 
|  15|0x0000000703a00000, 0x0000000703a00000, 0x0000000703c00000|  0%| F|  |TAMS 0x0000000703a00000, 0x0000000703a00000| Untracked 
|  16|0x0000000703c00000, 0x0000000703c00000, 0x0000000703e00000|  0%| F|  |TAMS 0x0000000703c00000, 0x0000000703c00000| Untracked 
|  17|0x0000000703e00000, 0x0000000703e00000, 0x0000000704000000|  0%| F|  |TAMS 0x0000000703e00000, 0x0000000703e00000| Untracked 
|  18|0x0000000704000000, 0x0000000704000000, 0x0000000704200000|  0%| F|  |TAMS 0x0000000704000000, 0x0000000704000000| Untracked 
|  19|0x0000000704200000, 0x0000000704200000, 0x0000000704400000|  0%| F|  |TAMS 0x0000000704200000, 0x0000000704200000| Untracked 
|  20|0x0000000704400000, 0x0000000704400000, 0x0000000704600000|  0%| F|  |TAMS 0x0000000704400000, 0x0000000704400000| Untracked 
|  21|0x0000000704600000, 0x0000000704600000, 0x0000000704800000|  0%| F|  |TAMS 0x0000000704600000, 0x0000000704600000| Untracked 
|  22|0x0000000704800000, 0x0000000704800000, 0x0000000704a00000|  0%| F|  |TAMS 0x0000000704800000, 0x0000000704800000| Untracked 
|  23|0x0000000704a00000, 0x0000000704a00000, 0x0000000704c00000|  0%| F|  |TAMS 0x0000000704a00000, 0x0000000704a00000| Untracked 
|  24|0x0000000704c00000, 0x0000000704c00000, 0x0000000704e00000|  0%| F|  |TAMS 0x0000000704c00000, 0x0000000704c00000| Untracked 
|  25|0x0000000704e00000, 0x0000000704e00000, 0x0000000705000000|  0%| F|  |TAMS 0x0000000704e00000, 0x0000000704e00000| Untracked 
|  26|0x0000000705000000, 0x0000000705000000, 0x0000000705200000|  0%| F|  |TAMS 0x0000000705000000, 0x0000000705000000| Untracked 
|  27|0x0000000705200000, 0x0000000705200000, 0x0000000705400000|  0%| F|  |TAMS 0x0000000705200000, 0x0000000705200000| Untracked 
|  28|0x0000000705400000, 0x0000000705400000, 0x0000000705600000|  0%| F|  |TAMS 0x0000000705400000, 0x0000000705400000| Untracked 
|  29|0x0000000705600000, 0x0000000705600000, 0x0000000705800000|  0%| F|  |TAMS 0x0000000705600000, 0x0000000705600000| Untracked 
|  30|0x0000000705800000, 0x0000000705800000, 0x0000000705a00000|  0%| F|  |TAMS 0x0000000705800000, 0x0000000705800000| Untracked 
|  31|0x0000000705a00000, 0x0000000705a00000, 0x0000000705c00000|  0%| F|  |TAMS 0x0000000705a00000, 0x0000000705a00000| Untracked 
|  32|0x0000000705c00000, 0x0000000705c00000, 0x0000000705e00000|  0%| F|  |TAMS 0x0000000705c00000, 0x0000000705c00000| Untracked 
|  33|0x0000000705e00000, 0x0000000705e00000, 0x0000000706000000|  0%| F|  |TAMS 0x0000000705e00000, 0x0000000705e00000| Untracked 
|  34|0x0000000706000000, 0x0000000706000000, 0x0000000706200000|  0%| F|  |TAMS 0x0000000706000000, 0x0000000706000000| Untracked 
|  35|0x0000000706200000, 0x0000000706200000, 0x0000000706400000|  0%| F|  |TAMS 0x0000000706200000, 0x0000000706200000| Untracked 
|  36|0x0000000706400000, 0x0000000706400000, 0x0000000706600000|  0%| F|  |TAMS 0x0000000706400000, 0x0000000706400000| Untracked 
|  37|0x0000000706600000, 0x0000000706600000, 0x0000000706800000|  0%| F|  |TAMS 0x0000000706600000, 0x0000000706600000| Untracked 
|  38|0x0000000706800000, 0x0000000706800000, 0x0000000706a00000|  0%| F|  |TAMS 0x0000000706800000, 0x0000000706800000| Untracked 
|  39|0x0000000706a00000, 0x0000000706a00000, 0x0000000706c00000|  0%| F|  |TAMS 0x0000000706a00000, 0x0000000706a00000| Untracked 
|  40|0x0000000706c00000, 0x0000000706c00000, 0x0000000706e00000|  0%| F|  |TAMS 0x0000000706c00000, 0x0000000706c00000| Untracked 
|  41|0x0000000706e00000, 0x0000000706e00000, 0x0000000707000000|  0%| F|  |TAMS 0x0000000706e00000, 0x0000000706e00000| Untracked 
|  42|0x0000000707000000, 0x0000000707000000, 0x0000000707200000|  0%| F|  |TAMS 0x0000000707000000, 0x0000000707000000| Untracked 
|  43|0x0000000707200000, 0x0000000707200000, 0x0000000707400000|  0%| F|  |TAMS 0x0000000707200000, 0x0000000707200000| Untracked 
|  44|0x0000000707400000, 0x0000000707400000, 0x0000000707600000|  0%| F|  |TAMS 0x0000000707400000, 0x0000000707400000| Untracked 
|  45|0x0000000707600000, 0x0000000707600000, 0x0000000707800000|  0%| F|  |TAMS 0x0000000707600000, 0x0000000707600000| Untracked 
|  46|0x0000000707800000, 0x0000000707800000, 0x0000000707a00000|  0%| F|  |TAMS 0x0000000707800000, 0x0000000707800000| Untracked 
|  47|0x0000000707a00000, 0x0000000707a00000, 0x0000000707c00000|  0%| F|  |TAMS 0x0000000707a00000, 0x0000000707a00000| Untracked 
|  48|0x0000000707c00000, 0x0000000707c00000, 0x0000000707e00000|  0%| F|  |TAMS 0x0000000707c00000, 0x0000000707c00000| Untracked 
|  49|0x0000000707e00000, 0x0000000707e00000, 0x0000000708000000|  0%| F|  |TAMS 0x0000000707e00000, 0x0000000707e00000| Untracked 
|  50|0x0000000708000000, 0x0000000708000000, 0x0000000708200000|  0%| F|  |TAMS 0x0000000708000000, 0x0000000708000000| Untracked 
|  51|0x0000000708200000, 0x0000000708200000, 0x0000000708400000|  0%| F|  |TAMS 0x0000000708200000, 0x0000000708200000| Untracked 
|  52|0x0000000708400000, 0x0000000708400000, 0x0000000708600000|  0%| F|  |TAMS 0x0000000708400000, 0x0000000708400000| Untracked 
|  53|0x0000000708600000, 0x0000000708600000, 0x0000000708800000|  0%| F|  |TAMS 0x0000000708600000, 0x0000000708600000| Untracked 
|  54|0x0000000708800000, 0x0000000708800000, 0x0000000708a00000|  0%| F|  |TAMS 0x0000000708800000, 0x0000000708800000| Untracked 
|  55|0x0000000708a00000, 0x0000000708a00000, 0x0000000708c00000|  0%| F|  |TAMS 0x0000000708a00000, 0x0000000708a00000| Untracked 
|  56|0x0000000708c00000, 0x0000000708c00000, 0x0000000708e00000|  0%| F|  |TAMS 0x0000000708c00000, 0x0000000708c00000| Untracked 
|  57|0x0000000708e00000, 0x0000000708e00000, 0x0000000709000000|  0%| F|  |TAMS 0x0000000708e00000, 0x0000000708e00000| Untracked 
|  58|0x0000000709000000, 0x0000000709000000, 0x0000000709200000|  0%| F|  |TAMS 0x0000000709000000, 0x0000000709000000| Untracked 
|  59|0x0000000709200000, 0x0000000709200000, 0x0000000709400000|  0%| F|  |TAMS 0x0000000709200000, 0x0000000709200000| Untracked 
|  60|0x0000000709400000, 0x0000000709400000, 0x0000000709600000|  0%| F|  |TAMS 0x0000000709400000, 0x0000000709400000| Untracked 
|  61|0x0000000709600000, 0x0000000709600000, 0x0000000709800000|  0%| F|  |TAMS 0x0000000709600000, 0x0000000709600000| Untracked 
|  62|0x0000000709800000, 0x0000000709800000, 0x0000000709a00000|  0%| F|  |TAMS 0x0000000709800000, 0x0000000709800000| Untracked 
|  63|0x0000000709a00000, 0x0000000709a00000, 0x0000000709c00000|  0%| F|  |TAMS 0x0000000709a00000, 0x0000000709a00000| Untracked 
|  64|0x0000000709c00000, 0x0000000709c00000, 0x0000000709e00000|  0%| F|  |TAMS 0x0000000709c00000, 0x0000000709c00000| Untracked 
|  65|0x0000000709e00000, 0x0000000709e00000, 0x000000070a000000|  0%| F|  |TAMS 0x0000000709e00000, 0x0000000709e00000| Untracked 
|  66|0x000000070a000000, 0x000000070a000000, 0x000000070a200000|  0%| F|  |TAMS 0x000000070a000000, 0x000000070a000000| Untracked 
|  67|0x000000070a200000, 0x000000070a200000, 0x000000070a400000|  0%| F|  |TAMS 0x000000070a200000, 0x000000070a200000| Untracked 
|  68|0x000000070a400000, 0x000000070a400000, 0x000000070a600000|  0%| F|  |TAMS 0x000000070a400000, 0x000000070a400000| Untracked 
|  69|0x000000070a600000, 0x000000070a600000, 0x000000070a800000|  0%| F|  |TAMS 0x000000070a600000, 0x000000070a600000| Untracked 
|  70|0x000000070a800000, 0x000000070a800000, 0x000000070aa00000|  0%| F|  |TAMS 0x000000070a800000, 0x000000070a800000| Untracked 
|  71|0x000000070aa00000, 0x000000070aa00000, 0x000000070ac00000|  0%| F|  |TAMS 0x000000070aa00000, 0x000000070aa00000| Untracked 
|  72|0x000000070ac00000, 0x000000070ac00000, 0x000000070ae00000|  0%| F|  |TAMS 0x000000070ac00000, 0x000000070ac00000| Untracked 
|  73|0x000000070ae00000, 0x000000070ae00000, 0x000000070b000000|  0%| F|  |TAMS 0x000000070ae00000, 0x000000070ae00000| Untracked 
|  74|0x000000070b000000, 0x000000070b000000, 0x000000070b200000|  0%| F|  |TAMS 0x000000070b000000, 0x000000070b000000| Untracked 
|  75|0x000000070b200000, 0x000000070b200000, 0x000000070b400000|  0%| F|  |TAMS 0x000000070b200000, 0x000000070b200000| Untracked 
|  76|0x000000070b400000, 0x000000070b400000, 0x000000070b600000|  0%| F|  |TAMS 0x000000070b400000, 0x000000070b400000| Untracked 
|  77|0x000000070b600000, 0x000000070b600000, 0x000000070b800000|  0%| F|  |TAMS 0x000000070b600000, 0x000000070b600000| Untracked 
|  78|0x000000070b800000, 0x000000070b800000, 0x000000070ba00000|  0%| F|  |TAMS 0x000000070b800000, 0x000000070b800000| Untracked 
|  79|0x000000070ba00000, 0x000000070ba00000, 0x000000070bc00000|  0%| F|  |TAMS 0x000000070ba00000, 0x000000070ba00000| Untracked 
|  80|0x000000070bc00000, 0x000000070bc00000, 0x000000070be00000|  0%| F|  |TAMS 0x000000070bc00000, 0x000000070bc00000| Untracked 
|  81|0x000000070be00000, 0x000000070be00000, 0x000000070c000000|  0%| F|  |TAMS 0x000000070be00000, 0x000000070be00000| Untracked 
|  82|0x000000070c000000, 0x000000070c000000, 0x000000070c200000|  0%| F|  |TAMS 0x000000070c000000, 0x000000070c000000| Untracked 
|  83|0x000000070c200000, 0x000000070c200000, 0x000000070c400000|  0%| F|  |TAMS 0x000000070c200000, 0x000000070c200000| Untracked 
|  84|0x000000070c400000, 0x000000070c400000, 0x000000070c600000|  0%| F|  |TAMS 0x000000070c400000, 0x000000070c400000| Untracked 
|  85|0x000000070c600000, 0x000000070c600000, 0x000000070c800000|  0%| F|  |TAMS 0x000000070c600000, 0x000000070c600000| Untracked 
|  86|0x000000070c800000, 0x000000070c800000, 0x000000070ca00000|  0%| F|  |TAMS 0x000000070c800000, 0x000000070c800000| Untracked 
|  87|0x000000070ca00000, 0x000000070ca00000, 0x000000070cc00000|  0%| F|  |TAMS 0x000000070ca00000, 0x000000070ca00000| Untracked 
|  88|0x000000070cc00000, 0x000000070cc00000, 0x000000070ce00000|  0%| F|  |TAMS 0x000000070cc00000, 0x000000070cc00000| Untracked 
|  89|0x000000070ce00000, 0x000000070ce00000, 0x000000070d000000|  0%| F|  |TAMS 0x000000070ce00000, 0x000000070ce00000| Untracked 
|  90|0x000000070d000000, 0x000000070d000000, 0x000000070d200000|  0%| F|  |TAMS 0x000000070d000000, 0x000000070d000000| Untracked 
|  91|0x000000070d200000, 0x000000070d200000, 0x000000070d400000|  0%| F|  |TAMS 0x000000070d200000, 0x000000070d200000| Untracked 
|  92|0x000000070d400000, 0x000000070d400000, 0x000000070d600000|  0%| F|  |TAMS 0x000000070d400000, 0x000000070d400000| Untracked 
|  93|0x000000070d600000, 0x000000070d600000, 0x000000070d800000|  0%| F|  |TAMS 0x000000070d600000, 0x000000070d600000| Untracked 
|  94|0x000000070d800000, 0x000000070d800000, 0x000000070da00000|  0%| F|  |TAMS 0x000000070d800000, 0x000000070d800000| Untracked 
|  95|0x000000070da00000, 0x000000070da00000, 0x000000070dc00000|  0%| F|  |TAMS 0x000000070da00000, 0x000000070da00000| Untracked 
|  96|0x000000070dc00000, 0x000000070dc00000, 0x000000070de00000|  0%| F|  |TAMS 0x000000070dc00000, 0x000000070dc00000| Untracked 
|  97|0x000000070de00000, 0x000000070de00000, 0x000000070e000000|  0%| F|  |TAMS 0x000000070de00000, 0x000000070de00000| Untracked 
|  98|0x000000070e000000, 0x000000070e000000, 0x000000070e200000|  0%| F|  |TAMS 0x000000070e000000, 0x000000070e000000| Untracked 
|  99|0x000000070e200000, 0x000000070e200000, 0x000000070e400000|  0%| F|  |TAMS 0x000000070e200000, 0x000000070e200000| Untracked 
| 100|0x000000070e400000, 0x000000070e400000, 0x000000070e600000|  0%| F|  |TAMS 0x000000070e400000, 0x000000070e400000| Untracked 
| 101|0x000000070e600000, 0x000000070e600000, 0x000000070e800000|  0%| F|  |TAMS 0x000000070e600000, 0x000000070e600000| Untracked 
| 102|0x000000070e800000, 0x000000070e800000, 0x000000070ea00000|  0%| F|  |TAMS 0x000000070e800000, 0x000000070e800000| Untracked 
| 103|0x000000070ea00000, 0x000000070ea00000, 0x000000070ec00000|  0%| F|  |TAMS 0x000000070ea00000, 0x000000070ea00000| Untracked 
| 104|0x000000070ec00000, 0x000000070ec00000, 0x000000070ee00000|  0%| F|  |TAMS 0x000000070ec00000, 0x000000070ec00000| Untracked 
| 105|0x000000070ee00000, 0x000000070ee00000, 0x000000070f000000|  0%| F|  |TAMS 0x000000070ee00000, 0x000000070ee00000| Untracked 
| 106|0x000000070f000000, 0x000000070f000000, 0x000000070f200000|  0%| F|  |TAMS 0x000000070f000000, 0x000000070f000000| Untracked 
| 107|0x000000070f200000, 0x000000070f200000, 0x000000070f400000|  0%| F|  |TAMS 0x000000070f200000, 0x000000070f200000| Untracked 
| 108|0x000000070f400000, 0x000000070f400000, 0x000000070f600000|  0%| F|  |TAMS 0x000000070f400000, 0x000000070f400000| Untracked 
| 109|0x000000070f600000, 0x000000070f600000, 0x000000070f800000|  0%| F|  |TAMS 0x000000070f600000, 0x000000070f600000| Untracked 
| 110|0x000000070f800000, 0x000000070f800000, 0x000000070fa00000|  0%| F|  |TAMS 0x000000070f800000, 0x000000070f800000| Untracked 
| 111|0x000000070fa00000, 0x000000070fa00000, 0x000000070fc00000|  0%| F|  |TAMS 0x000000070fa00000, 0x000000070fa00000| Untracked 
| 112|0x000000070fc00000, 0x000000070fc00000, 0x000000070fe00000|  0%| F|  |TAMS 0x000000070fc00000, 0x000000070fc00000| Untracked 
| 113|0x000000070fe00000, 0x000000070fe00000, 0x0000000710000000|  0%| F|  |TAMS 0x000000070fe00000, 0x000000070fe00000| Untracked 
| 114|0x0000000710000000, 0x0000000710000000, 0x0000000710200000|  0%| F|  |TAMS 0x0000000710000000, 0x0000000710000000| Untracked 
| 115|0x0000000710200000, 0x0000000710200000, 0x0000000710400000|  0%| F|  |TAMS 0x0000000710200000, 0x0000000710200000| Untracked 
| 116|0x0000000710400000, 0x0000000710400000, 0x0000000710600000|  0%| F|  |TAMS 0x0000000710400000, 0x0000000710400000| Untracked 
| 117|0x0000000710600000, 0x0000000710600000, 0x0000000710800000|  0%| F|  |TAMS 0x0000000710600000, 0x0000000710600000| Untracked 
| 118|0x0000000710800000, 0x0000000710800000, 0x0000000710a00000|  0%| F|  |TAMS 0x0000000710800000, 0x0000000710800000| Untracked 
| 119|0x0000000710a00000, 0x0000000710a00000, 0x0000000710c00000|  0%| F|  |TAMS 0x0000000710a00000, 0x0000000710a00000| Untracked 
| 120|0x0000000710c00000, 0x0000000710c00000, 0x0000000710e00000|  0%| F|  |TAMS 0x0000000710c00000, 0x0000000710c00000| Untracked 
| 121|0x0000000710e00000, 0x0000000710e00000, 0x0000000711000000|  0%| F|  |TAMS 0x0000000710e00000, 0x0000000710e00000| Untracked 
| 122|0x0000000711000000, 0x000000071103df20, 0x0000000711200000| 12%| E|  |TAMS 0x0000000711000000, 0x0000000711000000| Complete 
| 123|0x0000000711200000, 0x0000000711400000, 0x0000000711400000|100%| E|CS|TAMS 0x0000000711200000, 0x0000000711200000| Complete 
| 124|0x0000000711400000, 0x0000000711600000, 0x0000000711600000|100%| E|CS|TAMS 0x0000000711400000, 0x0000000711400000| Complete 
| 125|0x0000000711600000, 0x0000000711800000, 0x0000000711800000|100%| E|CS|TAMS 0x0000000711600000, 0x0000000711600000| Complete 
| 126|0x0000000711800000, 0x0000000711a00000, 0x0000000711a00000|100%| E|CS|TAMS 0x0000000711800000, 0x0000000711800000| Complete 
| 127|0x0000000711a00000, 0x0000000711c00000, 0x0000000711c00000|100%| E|CS|TAMS 0x0000000711a00000, 0x0000000711a00000| Complete 

Card table byte_map: [0x0000015bda1f0000,0x0000015bda9f0000] _byte_map_base: 0x0000015bd69e2000

Marking Bits (Prev, Next): (CMBitMap*) 0x0000015bc3231b60, (CMBitMap*) 0x0000015bc3231ba0
 Prev Bits: [0x0000015bdb1f0000, 0x0000015bdf180000)
 Next Bits: [0x0000015bdf180000, 0x0000015be3110000)

Polling page: 0x0000015bc1390000

Metaspace:

Usage:
  Non-class:      2.34 MB used.
      Class:    254.46 KB used.
       Both:      2.59 MB used.

Virtual space:
  Non-class space:        8.00 MB reserved,       2.44 MB ( 30%) committed,  1 nodes.
      Class space:        1.00 GB reserved,     320.00 KB ( <1%) committed,  1 nodes.
             Both:        1.01 GB reserved,       2.75 MB ( <1%) committed. 

Chunk freelists:
   Non-Class:  2.72 MB
       Class:  3.58 MB
        Both:  6.30 MB

MaxMetaspaceSize: unlimited
CompressedClassSpaceSize: 1.00 GB
Initial GC threshold: 21.00 MB
Current GC threshold: 21.00 MB
CDS: on
MetaspaceReclaimPolicy: balanced
 - commit_granule_bytes: 65536.
 - commit_granule_words: 8192.
 - virtual_space_node_default_size: 1048576.
 - enlarge_chunks_in_place: 1.
 - new_chunks_are_fully_committed: 0.
 - uncommit_free_chunks: 1.
 - use_allocation_guard: 0.
 - handle_deallocations: 1.


Internal statistics:

num_allocs_failed_limit: 0.
num_arena_births: 12.
num_arena_deaths: 0.
num_vsnodes_births: 2.
num_vsnodes_deaths: 0.
num_space_committed: 44.
num_space_uncommitted: 0.
num_chunks_returned_to_freelist: 0.
num_chunks_taken_from_freelist: 81.
num_chunk_merges: 0.
num_chunk_splits: 57.
num_chunks_enlarged: 47.
num_purges: 0.
num_inconsistent_stats: 0.

CodeHeap 'non-profiled nmethods': size=120000Kb used=180Kb max_used=180Kb free=119819Kb
 bounds [0x0000015bd24c0000, 0x0000015bd2730000, 0x0000015bd99f0000]
CodeHeap 'profiled nmethods': size=120000Kb used=1364Kb max_used=1364Kb free=118635Kb
 bounds [0x0000015bcaf90000, 0x0000015bcb200000, 0x0000015bd24c0000]
CodeHeap 'non-nmethods': size=5760Kb used=1136Kb max_used=1147Kb free=4623Kb
 bounds [0x0000015bca9f0000, 0x0000015bcac60000, 0x0000015bcaf90000]
 total_blobs=1113 nmethods=693 adapters=333
 compilation: enabled
              stopped_count=0, restarted_count=0
 full_count=0

Compilation events (20 events):
Event: 0.689 Thread 0x0000015be561c8d0  637       3       sun.net.www.protocol.jar.Handler::parseContextSpec (150 bytes)
Event: 0.691 Thread 0x0000015be561c8d0 nmethod 637 0x0000015bcb0c6810 code [0x0000015bcb0c6ca0, 0x0000015bcb0c8998]
Event: 0.693 Thread 0x0000015be561c8d0  639  s    3       java.util.jar.JarFile::getInputStream (72 bytes)
Event: 0.693 Thread 0x0000015be561c8d0 nmethod 639 0x0000015bcb0c9410 code [0x0000015bcb0c9640, 0x0000015bcb0c9bb8]
Event: 0.694 Thread 0x0000015be561c8d0  640       3       java.lang.Class::getPackageName (81 bytes)
Event: 0.695 Thread 0x0000015be561c8d0 nmethod 640 0x0000015bcb0c9d90 code [0x0000015bcb0ca020, 0x0000015bcb0caae8]
Event: 0.695 Thread 0x0000015be561c8d0  641       3       java.lang.invoke.MethodType::equals (56 bytes)
Event: 0.696 Thread 0x0000015be561c8d0 nmethod 641 0x0000015bcb0cae90 code [0x0000015bcb0cb0c0, 0x0000015bcb0cbc78]
Event: 0.696 Thread 0x0000015be561c8d0  643       3       java.lang.invoke.MemberName::initResolved (53 bytes)
Event: 0.697 Thread 0x0000015be561c8d0 nmethod 643 0x0000015bcb0cbe10 code [0x0000015bcb0cbfa0, 0x0000015bcb0cc158]
Event: 0.697 Thread 0x0000015be561c8d0  646   !   3       java.lang.invoke.MemberName::getMethodType (211 bytes)
Event: 0.698 Thread 0x0000015be561c8d0 nmethod 646 0x0000015bcb0cc210 code [0x0000015bcb0cc500, 0x0000015bcb0cdb18]
Event: 0.698 Thread 0x0000015be561c8d0  649       1       java.lang.invoke.MethodTypeForm::parameterSlotCount (5 bytes)
Event: 0.699 Thread 0x0000015be561c8d0 nmethod 649 0x0000015bd24ebf90 code [0x0000015bd24ec120, 0x0000015bd24ec1f8]
Event: 0.699 Thread 0x0000015be561c8d0  648       1       java.lang.invoke.MethodTypeForm::erasedType (5 bytes)
Event: 0.699 Thread 0x0000015be561c8d0 nmethod 648 0x0000015bd24ec290 code [0x0000015bd24ec420, 0x0000015bd24ec4f8]
Event: 0.700 Thread 0x0000015be561c8d0  652       3       java.util.concurrent.ConcurrentHashMap::put (8 bytes)
Event: 0.700 Thread 0x0000015be561c8d0 nmethod 652 0x0000015bcb0ce110 code [0x0000015bcb0ce2a0, 0x0000015bcb0ce3e8]
Event: 0.702 Thread 0x0000015be561c8d0  653       1       java.lang.invoke.MethodHandles$Lookup::lookupClass (5 bytes)
Event: 0.702 Thread 0x0000015be561c8d0 nmethod 653 0x0000015bd24ec590 code [0x0000015bd24ec720, 0x0000015bd24ec7f8]

GC Heap History (0 events):
No events

Deoptimization events (20 events):
Event: 0.369 Thread 0x0000015bc10be7c0 DEOPT PACKING pc=0x0000015bd24df434 sp=0x0000001288cfe2e0
Event: 0.369 Thread 0x0000015bc10be7c0 DEOPT UNPACKING pc=0x0000015bcaa423a3 sp=0x0000001288cfe270 mode 2
Event: 0.467 Thread 0x0000015bc10be7c0 DEOPT PACKING pc=0x0000015bcafdea65 sp=0x0000001288cfd520
Event: 0.467 Thread 0x0000015bc10be7c0 DEOPT UNPACKING pc=0x0000015bcaa42b43 sp=0x0000001288cfc970 mode 0
Event: 0.611 Thread 0x0000015bc10be7c0 Uncommon trap: trap_request=0xffffff45 fr.pc=0x0000015bd24c7588 relative=0x0000000000000468
Event: 0.611 Thread 0x0000015bc10be7c0 Uncommon trap: reason=unstable_if action=reinterpret pc=0x0000015bd24c7588 method=java.lang.StringLatin1.canEncode(I)Z @ 4 c2
Event: 0.611 Thread 0x0000015bc10be7c0 DEOPT PACKING pc=0x0000015bd24c7588 sp=0x0000001288cfdce0
Event: 0.611 Thread 0x0000015bc10be7c0 DEOPT UNPACKING pc=0x0000015bcaa423a3 sp=0x0000001288cfdc08 mode 2
Event: 0.611 Thread 0x0000015bc10be7c0 Uncommon trap: trap_request=0xffffff45 fr.pc=0x0000015bd24c7fec relative=0x000000000000044c
Event: 0.611 Thread 0x0000015bc10be7c0 Uncommon trap: reason=unstable_if action=reinterpret pc=0x0000015bd24c7fec method=java.lang.AbstractStringBuilder.isLatin1()Z @ 10 c2
Event: 0.611 Thread 0x0000015bc10be7c0 DEOPT PACKING pc=0x0000015bd24c7fec sp=0x0000001288cfdcf0
Event: 0.611 Thread 0x0000015bc10be7c0 DEOPT UNPACKING pc=0x0000015bcaa423a3 sp=0x0000001288cfdc70 mode 2
Event: 0.611 Thread 0x0000015bc10be7c0 Uncommon trap: trap_request=0xffffff45 fr.pc=0x0000015bd24cac5c relative=0x000000000000005c
Event: 0.611 Thread 0x0000015bc10be7c0 Uncommon trap: reason=unstable_if action=reinterpret pc=0x0000015bd24cac5c method=java.lang.AbstractStringBuilder.isLatin1()Z @ 10 c2
Event: 0.611 Thread 0x0000015bc10be7c0 DEOPT PACKING pc=0x0000015bd24cac5c sp=0x0000001288cfdcd0
Event: 0.611 Thread 0x0000015bc10be7c0 DEOPT UNPACKING pc=0x0000015bcaa423a3 sp=0x0000001288cfdc60 mode 2
Event: 0.621 Thread 0x0000015bc10be7c0 Uncommon trap: trap_request=0xffffff45 fr.pc=0x0000015bd24c6e38 relative=0x0000000000000038
Event: 0.621 Thread 0x0000015bc10be7c0 Uncommon trap: reason=unstable_if action=reinterpret pc=0x0000015bd24c6e38 method=java.lang.StringLatin1.canEncode(I)Z @ 4 c2
Event: 0.621 Thread 0x0000015bc10be7c0 DEOPT PACKING pc=0x0000015bd24c6e38 sp=0x0000001288cfdc70
Event: 0.621 Thread 0x0000015bc10be7c0 DEOPT UNPACKING pc=0x0000015bcaa423a3 sp=0x0000001288cfdc00 mode 2

Classes unloaded (0 events):
No events

Classes redefined (0 events):
No events

Internal exceptions (9 events):
Event: 0.202 Thread 0x0000015bc10be7c0 Exception <a 'java/lang/NullPointerException'{0x00000007119db048}> (0x00000007119db048) 
thrown [t:\workspace\open\src\hotspot\share\interpreter\linkResolver.cpp, line 1357]
Event: 0.220 Thread 0x0000015bc10be7c0 Exception <a 'java/lang/NullPointerException'{0x0000000711628848}> (0x0000000711628848) 
thrown [t:\workspace\open\src\hotspot\share\interpreter\linkResolver.cpp, line 1357]
Event: 0.220 Thread 0x0000015bc10be7c0 Exception <a 'java/lang/NullPointerException'{0x0000000711628b20}> (0x0000000711628b20) 
thrown [t:\workspace\open\src\hotspot\share\interpreter\linkResolver.cpp, line 1357]
Event: 0.220 Thread 0x0000015bc10be7c0 Exception <a 'java/lang/NullPointerException'{0x0000000711628df8}> (0x0000000711628df8) 
thrown [t:\workspace\open\src\hotspot\share\interpreter\linkResolver.cpp, line 1357]
Event: 0.221 Thread 0x0000015bc10be7c0 Exception <a 'java/lang/NullPointerException'{0x000000071162e778}> (0x000000071162e778) 
thrown [t:\workspace\open\src\hotspot\share\interpreter\linkResolver.cpp, line 1357]
Event: 0.224 Thread 0x0000015bc10be7c0 Exception <a 'java/lang/NullPointerException'{0x0000000711644020}> (0x0000000711644020) 
thrown [t:\workspace\open\src\hotspot\share\interpreter\linkResolver.cpp, line 1357]
Event: 0.224 Thread 0x0000015bc10be7c0 Exception <a 'java/lang/NullPointerException'{0x00000007116442f8}> (0x00000007116442f8) 
thrown [t:\workspace\open\src\hotspot\share\interpreter\linkResolver.cpp, line 1357]
Event: 0.224 Thread 0x0000015bc10be7c0 Exception <a 'java/lang/NullPointerException'{0x00000007116445d0}> (0x00000007116445d0) 
thrown [t:\workspace\open\src\hotspot\share\interpreter\linkResolver.cpp, line 1357]
Event: 0.224 Thread 0x0000015bc10be7c0 Exception <a 'java/lang/NullPointerException'{0x00000007116448a8}> (0x00000007116448a8) 
thrown [t:\workspace\open\src\hotspot\share\interpreter\linkResolver.cpp, line 1357]

VM Operations (8 events):
Event: 0.072 Executing VM operation: HandshakeAllThreads
Event: 0.072 Executing VM operation: HandshakeAllThreads done
Event: 0.200 Executing VM operation: HandshakeAllThreads
Event: 0.200 Executing VM operation: HandshakeAllThreads done
Event: 0.210 Executing VM operation: HandshakeAllThreads
Event: 0.210 Executing VM operation: HandshakeAllThreads done
Event: 0.481 Executing VM operation: HandshakeAllThreads
Event: 0.481 Executing VM operation: HandshakeAllThreads done

Events (20 events):
Event: 0.452 loading class java/lang/TypeNotPresentException
Event: 0.453 loading class java/lang/TypeNotPresentException done
Event: 0.477 loading class java/util/concurrent/atomic/AtomicReference
Event: 0.477 loading class java/util/concurrent/atomic/AtomicReference done
Event: 0.494 loading class java/text/ParseException
Event: 0.495 loading class java/text/ParseException done
Event: 0.540 loading class sun/util/calendar/ZoneInfoFile$Checksum
Event: 0.540 loading class sun/util/calendar/ZoneInfoFile$Checksum done
Event: 0.546 loading class jdk/internal/module/ModulePatcher$PatchedModuleReader
Event: 0.546 loading class jdk/internal/module/ModulePatcher$PatchedModuleReader done
Event: 0.546 loading class sun/net/www/protocol/jrt/Handler
Event: 0.546 loading class sun/net/www/protocol/jrt/Handler done
Event: 0.608 loading class sun/text/resources/cldr/FormatData_en
Event: 0.608 loading class sun/text/resources/cldr/FormatData_en done
Event: 0.609 loading class sun/text/resources/cldr/FormatData_en_US
Event: 0.609 loading class sun/text/resources/cldr/FormatData_en_US done
Event: 0.674 loading class java/lang/ArrayIndexOutOfBoundsException
Event: 0.674 loading class java/lang/ArrayIndexOutOfBoundsException done
Event: 0.680 loading class java/io/FilterReader
Event: 0.680 loading class java/io/FilterReader done


Dynamic libraries:
0x00007ff7a5c70000 - 0x00007ff7a5c80000 	C:\Program Files\Java\jdk-17.0.1\bin\java.exe
0x00007fff90cb0000 - 0x00007fff90ea5000 	C:\Windows\SYSTEM32\ntdll.dll
0x00007fff90b80000 - 0x00007fff90c3d000 	C:\Windows\System32\KERNEL32.DLL
0x00007fff8e3e0000 - 0x00007fff8e6ad000 	C:\Windows\System32\KERNELBASE.dll
0x00007fff8e8d0000 - 0x00007fff8e9d0000 	C:\Windows\System32\ucrtbase.dll
0x00007fff89660000 - 0x00007fff8967a000 	C:\Program Files\Java\jdk-17.0.1\bin\VCRUNTIME140.dll
0x00007fff8a5a0000 - 0x00007fff8a5b8000 	C:\Program Files\Java\jdk-17.0.1\bin\jli.dll
0x00007fff90650000 - 0x00007fff906fe000 	C:\Windows\System32\ADVAPI32.dll
0x00007fff8f740000 - 0x00007fff8f7de000 	C:\Windows\System32\msvcrt.dll
0x00007fff8f800000 - 0x00007fff8f89c000 	C:\Windows\System32\sechost.dll
0x00007fff903f0000 - 0x00007fff90515000 	C:\Windows\System32\RPCRT4.dll
0x00007fff909b0000 - 0x00007fff90b50000 	C:\Windows\System32\USER32.dll
0x00007fff8e7c0000 - 0x00007fff8e7e2000 	C:\Windows\System32\win32u.dll
0x00007fff84f80000 - 0x00007fff8521a000 	C:\Windows\WinSxS\amd64_microsoft.windows.common-controls_6595b64144ccf1df_6.0.19041.1110_none_60b5254171f9507e\COMCTL32.dll
0x00007fff90b50000 - 0x00007fff90b7a000 	C:\Windows\System32\GDI32.dll
0x00007fff8e6b0000 - 0x00007fff8e7bb000 	C:\Windows\System32\gdi32full.dll
0x00007fff8ebc0000 - 0x00007fff8ec5d000 	C:\Windows\System32\msvcp_win.dll
0x00007fff89d10000 - 0x00007fff89d1a000 	C:\Windows\SYSTEM32\VERSION.dll
0x00007fff8f6a0000 - 0x00007fff8f6d0000 	C:\Windows\System32\IMM32.DLL
0x00007fff89650000 - 0x00007fff8965c000 	C:\Program Files\Java\jdk-17.0.1\bin\vcruntime140_1.dll
0x00007fff53c90000 - 0x00007fff53d1d000 	C:\Program Files\Java\jdk-17.0.1\bin\msvcp140.dll
0x00007fff19cd0000 - 0x00007fff1a88e000 	C:\Program Files\Java\jdk-17.0.1\bin\server\jvm.dll
0x00007fff8f690000 - 0x00007fff8f698000 	C:\Windows\System32\PSAPI.DLL
0x00007fff85450000 - 0x00007fff85459000 	C:\Windows\SYSTEM32\WSOCK32.dll
0x00007fff84cf0000 - 0x00007fff84d17000 	C:\Windows\SYSTEM32\WINMM.dll
0x00007fff8f6d0000 - 0x00007fff8f73b000 	C:\Windows\System32\WS2_32.dll
0x00007fff8cc20000 - 0x00007fff8cc32000 	C:\Windows\SYSTEM32\kernel.appcore.dll
0x00007fff89620000 - 0x00007fff8962a000 	C:\Program Files\Java\jdk-17.0.1\bin\jimage.dll
0x00007fff8c180000 - 0x00007fff8c364000 	C:\Windows\SYSTEM32\DBGHELP.DLL
0x00007fff7f860000 - 0x00007fff7f88c000 	C:\Windows\SYSTEM32\dbgcore.DLL
0x00007fff8eb30000 - 0x00007fff8ebb2000 	C:\Windows\System32\bcryptPrimitives.dll
0x00007fff7dd90000 - 0x00007fff7ddb5000 	C:\Program Files\Java\jdk-17.0.1\bin\java.dll
0x00007fff593d0000 - 0x00007fff594a6000 	C:\Program Files\Java\jdk-17.0.1\bin\svml.dll
0x00007fff8ed30000 - 0x00007fff8f474000 	C:\Windows\System32\SHELL32.dll
0x00007fff8c370000 - 0x00007fff8cb04000 	C:\Windows\SYSTEM32\windows.storage.dll
0x00007fff8fb80000 - 0x00007fff8fed4000 	C:\Windows\System32\combase.dll
0x00007fff8ddf0000 - 0x00007fff8de1c000 	C:\Windows\SYSTEM32\Wldp.dll
0x00007fff8fac0000 - 0x00007fff8fb6d000 	C:\Windows\System32\SHCORE.dll
0x00007fff90520000 - 0x00007fff90575000 	C:\Windows\System32\shlwapi.dll
0x00007fff8e2d0000 - 0x00007fff8e2ef000 	C:\Windows\SYSTEM32\profapi.dll
0x00007fff82040000 - 0x00007fff82059000 	C:\Program Files\Java\jdk-17.0.1\bin\net.dll
0x00007fff87170000 - 0x00007fff8727a000 	C:\Windows\SYSTEM32\WINHTTP.dll
0x00007fff8db50000 - 0x00007fff8dbba000 	C:\Windows\system32\mswsock.dll
0x00007fff81fe0000 - 0x00007fff81ff5000 	C:\Program Files\Java\jdk-17.0.1\bin\nio.dll
0x00007fff7dc70000 - 0x00007fff7dc88000 	C:\Program Files\Java\jdk-17.0.1\bin\zip.dll
0x0000000069ac0000 - 0x0000000069ae4000 	C:\Program Files\NetBeans-13\netbeans\java\maven\lib\jansi-native\Windows\x86_64\jansi.dll
0x00007fff894b0000 - 0x00007fff894c0000 	C:\Program Files\Java\jdk-17.0.1\bin\verify.dll

dbghelp: loaded successfully - version: 4.0.5 - missing functions: none
symbol engine: initialized successfully - sym options: 0x614 - pdb path: .;C:\Program Files\Java\jdk-17.0.1\bin;C:\Windows\SYSTEM32;C:\Windows\WinSxS\amd64_microsoft.windows.common-controls_6595b64144ccf1df_6.0.19041.1110_none_60b5254171f9507e;C:\Program Files\Java\jdk-17.0.1\bin\server;C:\Program Files\NetBeans-13\netbeans\java\maven\lib\jansi-native\Windows\x86_64

VM Arguments:
jvm_args: -Dclassworlds.conf=C:\Program Files\NetBeans-13\netbeans\java\maven\bin\m2.conf -Dmaven.home=C:\Program Files\NetBeans-13\netbeans\java\maven -Dlibrary.jansi.path=C:\Program Files\NetBeans-13\netbeans\java\maven\lib\jansi-native -Dmaven.multiModuleProjectDirectory=C:\Users\brenno.lima\OneDrive - Works Informatica\Documentos\NetBeansProjects\Projeto\Projeto 
java_command: org.codehaus.plexus.classworlds.launcher.Launcher -Dexec.vmArgs= -Dexec.args=${exec.vmArgs} -classpath %classpath ${exec.mainClass} ${exec.appArgs} -Dexec.executable=C:\Program Files\Java\jdk-17.0.1\bin\java.exe -Dexec.mainClass=charada.jogo_textual -Dexec.classpathScope=runtime -Dexec.appArgs= -Dmaven.ext.class.path=C:\Program Files\NetBeans-13\netbeans\java\maven-nblib\netbeans-eventspy.jar -Dfile.encoding=UTF-8 org.codehaus.mojo:exec-maven-plugin:3.0.0:exec
java_class_path (initial): C:\Program Files\NetBeans-13\netbeans\java\maven\boot\plexus-classworlds-2.6.0.jar
Launcher Type: SUN_STANDARD

[Global flags]
     intx CICompilerCount                          = 3                                         {product} {ergonomic}
     uint ConcGCThreads                            = 1                                         {product} {ergonomic}
     uint G1ConcRefinementThreads                  = 4                                         {product} {ergonomic}
   size_t G1HeapRegionSize                         = 2097152                                   {product} {ergonomic}
    uintx GCDrainStackTargetSize                   = 64                                        {product} {ergonomic}
   size_t InitialHeapSize                          = 268435456                                 {product} {ergonomic}
   size_t MarkStackSize                            = 4194304                                   {product} {ergonomic}
   size_t MaxHeapSize                              = 4265607168                                {product} {ergonomic}
   size_t MaxNewSize                               = 2558525440                                {product} {ergonomic}
   size_t MinHeapDeltaBytes                        = 2097152                                   {product} {ergonomic}
   size_t MinHeapSize                              = 8388608                                   {product} {ergonomic}
    uintx NonNMethodCodeHeapSize                   = 5832780                                {pd product} {ergonomic}
    uintx NonProfiledCodeHeapSize                  = 122912730                              {pd product} {ergonomic}
    uintx ProfiledCodeHeapSize                     = 122912730                              {pd product} {ergonomic}
    uintx ReservedCodeCacheSize                    = 251658240                              {pd product} {ergonomic}
     bool SegmentedCodeCache                       = true                                      {product} {ergonomic}
   size_t SoftMaxHeapSize                          = 4265607168                             {manageable} {ergonomic}
     bool UseCompressedClassPointers               = true                           {product lp64_product} {ergonomic}
     bool UseCompressedOops                        = true                           {product lp64_product} {ergonomic}
     bool UseG1GC                                  = true                                      {product} {ergonomic}
     bool UseLargePagesIndividualAllocation        = false                                  {pd product} {ergonomic}

Logging:
Log output configuration:
 #0: stdout all=warning uptime,level,tags
 #1: stderr all=off uptime,level,tags

Environment Variables:
JAVA_HOME=C:\Program Files\Java\jdk-17.0.1
CLASSPATH=C:\Program Files (x86)\SAP\SAP Business One DI API\JCO\LIB\sbowrapper.jar;C:\Program Files (x86)\SAP\SAP Business One DI API\JCO\LIB\sboapi.jar
PATH=C:\Program Files (x86)\Common Files\Oracle\Java\javapath;C:\Program Files\Common Files\Oracle\Java\javapath;C:\Windows\system32;C:\Windows;C:\Windows\System32\Wbem;C:\Windows\System32\WindowsPowerShell\v1.0\;C:\Windows\System32\OpenSSH\;C:\Program Files\Microsoft SQL Server\Client SDK\ODBC\170\Tools\Binn\;C:\Program Files (x86)\Microsoft SQL Server\150\Tools\Binn\;C:\Program Files\Microsoft SQL Server\150\Tools\Binn\;C:\Program Files\Microsoft SQL Server\150\DTS\Binn\;C:\Program Files (x86)\Microsoft SQL Server\150\DTS\Binn\;C:\Program Files\Azure Data Studio\bin;C:\Program Files (x86)\SAP\SAP Business One DI API\JCO\LIB\;C:\Program Files (x86)\SAP\SAP Business One DI API\DI API 90;C:\Program Files (x86)\SAP\SAP Business One\;C:\Program Files (x86)\Intel\Intel(R) Management Engine Components\DAL;C:\Program Files\Intel\Intel(R) Management Engine Components\DAL;C:\Program Files\MySQL\MySQL Shell 8.0\bin\;C:\Users\brenno.lima\AppData\Local\Microsoft\WindowsApps;C:\Users\brenno.lima\AppData\Local\Programs\Microsoft VS Code\bin;C:\Users\brenno.lima\AppData\Local\GitHubDesktop\bin;C:\Users\brenno.lima\AppData\Local\Programs\Git\cmd;C:\Program Files\Azure Data Studio\bin
USERNAME=brenno.lima
OS=Windows_NT
PROCESSOR_IDENTIFIER=Intel64 Family 6 Model 142 Stepping 9, GenuineIntel



---------------  S Y S T E M  ---------------

OS:
 Windows 10 , 64 bit Build 19041 (10.0.19041.1706)
OS uptime: 7 days 7:09 hours

CPU: total 4 (initial active 4) (2 cores per cpu, 2 threads per core) family 6 model 142 stepping 9 microcode 0xec, cx8, cmov, fxsr, ht, mmx, 3dnowpref, sse, sse2, sse3, ssse3, sse4.1, sse4.2, popcnt, lzcnt, tsc, tscinvbit, avx, avx2, aes, erms, clmul, bmi1, bmi2, adx, fma, vzeroupper, clflush, clflushopt

Memory: 4k page, system-wide physical 16265M (8719M free)
TotalPageFile size 20361M (AvailPageFile size 3M)
current process WorkingSet (physical memory assigned to process): 54M, peak: 54M
current process commit charge ("private bytes"): 345M, peak: 345M

vm_info: Java HotSpot(TM) 64-Bit Server VM (17.0.1+12-LTS-39) for windows-amd64 JRE (17.0.1+12-LTS-39), built on Sep 27 2021 18:41:35 by "mach5one" with MS VC++ 16.8 (VS2019)

END.
