#
# There is insufficient memory for the Java Runtime Environment to continue.
# Native memory allocation (mmap) failed to map 268435456 bytes for G1 virtual space
# Possible reasons:
#   The system is out of physical RAM or swap space
#   The process is running with CompressedOops enabled, and the Java Heap may be blocking the growth of the native heap
# Possible solutions:
#   Reduce memory load on the system
#   Increase physical memory or swap space
#   Check if swap backing store is full
#   Decrease Java heap size (-Xmx/-Xms)
#   Decrease number of Java threads
#   Decrease Java thread stack sizes (-Xss)
#   Set larger code cache with -XX:ReservedCodeCacheSize=
#   JVM is running with Zero Based Compressed Oops mode in which the Java heap is
#     placed in the first 32GB address space. The Java Heap base address is the
#     maximum limit for the native heap growth. Please use -XX:HeapBaseMinAddress
#     to set the Java Heap base and to place the Java Heap above 32GB virtual address.
# This output file may be truncated or incomplete.
#
#  Out of Memory Error (os_windows.cpp:3469), pid=18376, tid=11432
#
# JRE version:  (17.0.1+12) (build )
# Java VM: Java HotSpot(TM) 64-Bit Server VM (17.0.1+12-LTS-39, mixed mode, sharing, tiered, compressed oops, compressed class ptrs, g1 gc, windows-amd64)
# No core dump will be written. Minidumps are not enabled by default on client versions of Windows
#

---------------  S U M M A R Y ------------

Command Line: -Dclassworlds.conf=C:\Program Files\NetBeans-13\netbeans\java\maven\bin\m2.conf -Dmaven.home=C:\Program Files\NetBeans-13\netbeans\java\maven -Dlibrary.jansi.path=C:\Program Files\NetBeans-13\netbeans\java\maven\lib\jansi-native -Dmaven.multiModuleProjectDirectory=C:\Users\brenno.lima\OneDrive - Works Informatica\Documentos\NetBeansProjects\Projeto\Projeto org.codehaus.plexus.classworlds.launcher.Launcher -Dexec.vmArgs= -Dexec.args=${exec.vmArgs} -classpath %classpath ${exec.mainClass} ${exec.appArgs} -Dexec.appArgs= -Dexec.mainClass=charada.jogo_textual -Dexec.executable=C:\Program Files\Java\jdk-17.0.1\bin\java.exe -Dmaven.ext.class.path=C:\Program Files\NetBeans-13\netbeans\java\maven-nblib\netbeans-eventspy.jar -Dfile.encoding=UTF-8 org.codehaus.mojo:exec-maven-plugin:3.0.0:exec

Host: Intel(R) Core(TM) i5-7200U CPU @ 2.50GHz, 4 cores, 15G,  Windows 10 , 64 bit Build 19041 (10.0.19041.1706)
Time: Mon May 30 15:09:39 2022 Hora oficial do Brasil elapsed time: 0.014917 seconds (0d 0h 0m 0s)

---------------  T H R E A D  ---------------

Current thread (0x0000028199225fb0):  JavaThread "Unknown thread" [_thread_in_vm, id=11432, stack(0x000000cb59c00000,0x000000cb59d00000)]

Stack: [0x000000cb59c00000,0x000000cb59d00000]
Native frames: (J=compiled Java code, j=interpreted, Vv=VM code, C=native code)
V  [jvm.dll+0x66fa1a]
V  [jvm.dll+0x7ce5a4]
V  [jvm.dll+0x7cfd4e]
V  [jvm.dll+0x7d03b3]
V  [jvm.dll+0x242b05]
V  [jvm.dll+0x66ca39]
V  [jvm.dll+0x661502]
V  [jvm.dll+0x30081b]
V  [jvm.dll+0x307da6]
V  [jvm.dll+0x357a1e]
V  [jvm.dll+0x357c4f]
V  [jvm.dll+0x2d7ad8]
V  [jvm.dll+0x2d8a44]
V  [jvm.dll+0x7a01e1]
V  [jvm.dll+0x365791]
V  [jvm.dll+0x77f6cc]
V  [jvm.dll+0x3e812f]
V  [jvm.dll+0x3e9bd1]
C  [jli.dll+0x527b]
C  [ucrtbase.dll+0x21bb2]
C  [KERNEL32.DLL+0x17034]
C  [ntdll.dll+0x52651]


---------------  P R O C E S S  ---------------

Threads class SMR info:
_java_thread_list=0x00007fff1a767818, length=0, elements={
}

Java Threads: ( => current thread )

Other Threads:
  0x0000028199274e30 GCTaskThread "GC Thread#0" [stack: 0x000000cb59d00000,0x000000cb59e00000] [id=796]
  0x0000028199285ac0 ConcurrentGCThread "G1 Main Marker" [stack: 0x000000cb59e00000,0x000000cb59f00000] [id=9464]
  0x0000028199286b80 ConcurrentGCThread "G1 Conc#0" [stack: 0x000000cb59f00000,0x000000cb5a000000] [id=5260]

[error occurred during error reporting (printing all threads), id 0xc0000005, EXCEPTION_ACCESS_VIOLATION (0xc0000005) at pc=0x00007fff19fb84b7]

VM state: not at safepoint (not fully initialized)

VM Mutex/Monitor currently owned by a thread:  ([mutex/lock_event])
[0x0000028199221540] Heap_lock - owner thread: 0x0000028199225fb0

Heap address: 0x0000000701c00000, size: 4068 MB, Compressed Oops mode: Zero based, Oop shift amount: 3

CDS archive(s) mapped at: [0x0000000000000000-0x0000000000000000-0x0000000000000000), size 0, SharedBaseAddress: 0x0000000800000000, ArchiveRelocationMode: 0.
Narrow klass base: 0x0000000000000000, Narrow klass shift: 0, Narrow klass range: 0x0

GC Precious Log:
<Empty>

Heap:
 garbage-first heap   total 0K, used 0K [0x0000000701c00000, 0x0000000800000000)
  region size 2048K, 0 young (0K), 0 survivors (0K)

[error occurred during error reporting (printing heap information), id 0xc0000005, EXCEPTION_ACCESS_VIOLATION (0xc0000005) at pc=0x00007fff1a398d89]

GC Heap History (0 events):
No events

Deoptimization events (0 events):
No events

Classes unloaded (0 events):
No events

Classes redefined (0 events):
No events

Internal exceptions (0 events):
No events

VM Operations (0 events):
No events

Events (1 events):
Event: 0.010 Loaded shared library C:\Program Files\Java\jdk-17.0.1\bin\java.dll


Dynamic libraries:
0x00007ff7a5c70000 - 0x00007ff7a5c80000 	C:\Program Files\Java\jdk-17.0.1\bin\java.exe
0x00007fff90cb0000 - 0x00007fff90ea5000 	C:\Windows\SYSTEM32\ntdll.dll
0x00007fff90b80000 - 0x00007fff90c3d000 	C:\Windows\System32\KERNEL32.DLL
0x00007fff8e3e0000 - 0x00007fff8e6ad000 	C:\Windows\System32\KERNELBASE.dll
0x00007fff8e8d0000 - 0x00007fff8e9d0000 	C:\Windows\System32\ucrtbase.dll
0x00007fff89660000 - 0x00007fff8967a000 	C:\Program Files\Java\jdk-17.0.1\bin\VCRUNTIME140.dll
0x00007fff8a5a0000 - 0x00007fff8a5b8000 	C:\Program Files\Java\jdk-17.0.1\bin\jli.dll
0x00007fff90650000 - 0x00007fff906fe000 	C:\Windows\System32\ADVAPI32.dll
0x00007fff8f740000 - 0x00007fff8f7de000 	C:\Windows\System32\msvcrt.dll
0x00007fff8f800000 - 0x00007fff8f89c000 	C:\Windows\System32\sechost.dll
0x00007fff903f0000 - 0x00007fff90515000 	C:\Windows\System32\RPCRT4.dll
0x00007fff909b0000 - 0x00007fff90b50000 	C:\Windows\System32\USER32.dll
0x00007fff84f80000 - 0x00007fff8521a000 	C:\Windows\WinSxS\amd64_microsoft.windows.common-controls_6595b64144ccf1df_6.0.19041.1110_none_60b5254171f9507e\COMCTL32.dll
0x00007fff8e7c0000 - 0x00007fff8e7e2000 	C:\Windows\System32\win32u.dll
0x00007fff90b50000 - 0x00007fff90b7a000 	C:\Windows\System32\GDI32.dll
0x00007fff8e6b0000 - 0x00007fff8e7bb000 	C:\Windows\System32\gdi32full.dll
0x00007fff8ebc0000 - 0x00007fff8ec5d000 	C:\Windows\System32\msvcp_win.dll
0x00007fff89d10000 - 0x00007fff89d1a000 	C:\Windows\SYSTEM32\VERSION.dll
0x00007fff8f6a0000 - 0x00007fff8f6d0000 	C:\Windows\System32\IMM32.DLL
0x00007fff89650000 - 0x00007fff8965c000 	C:\Program Files\Java\jdk-17.0.1\bin\vcruntime140_1.dll
0x00007fff53c90000 - 0x00007fff53d1d000 	C:\Program Files\Java\jdk-17.0.1\bin\msvcp140.dll
0x00007fff19cd0000 - 0x00007fff1a88e000 	C:\Program Files\Java\jdk-17.0.1\bin\server\jvm.dll
0x00007fff8f690000 - 0x00007fff8f698000 	C:\Windows\System32\PSAPI.DLL
0x00007fff85450000 - 0x00007fff85459000 	C:\Windows\SYSTEM32\WSOCK32.dll
0x00007fff84cf0000 - 0x00007fff84d17000 	C:\Windows\SYSTEM32\WINMM.dll
0x00007fff8f6d0000 - 0x00007fff8f73b000 	C:\Windows\System32\WS2_32.dll
0x00007fff8cc20000 - 0x00007fff8cc32000 	C:\Windows\SYSTEM32\kernel.appcore.dll
0x00007fff89620000 - 0x00007fff8962a000 	C:\Program Files\Java\jdk-17.0.1\bin\jimage.dll
0x00007fff8c180000 - 0x00007fff8c364000 	C:\Windows\SYSTEM32\DBGHELP.DLL
0x00007fff7f860000 - 0x00007fff7f88c000 	C:\Windows\SYSTEM32\dbgcore.DLL
0x00007fff8eb30000 - 0x00007fff8ebb2000 	C:\Windows\System32\bcryptPrimitives.dll
0x00007fff7dd90000 - 0x00007fff7ddb5000 	C:\Program Files\Java\jdk-17.0.1\bin\java.dll

dbghelp: loaded successfully - version: 4.0.5 - missing functions: none
symbol engine: initialized successfully - sym options: 0x614 - pdb path: .;C:\Program Files\Java\jdk-17.0.1\bin;C:\Windows\SYSTEM32;C:\Windows\WinSxS\amd64_microsoft.windows.common-controls_6595b64144ccf1df_6.0.19041.1110_none_60b5254171f9507e;C:\Program Files\Java\jdk-17.0.1\bin\server

VM Arguments:
jvm_args: -Dclassworlds.conf=C:\Program Files\NetBeans-13\netbeans\java\maven\bin\m2.conf -Dmaven.home=C:\Program Files\NetBeans-13\netbeans\java\maven -Dlibrary.jansi.path=C:\Program Files\NetBeans-13\netbeans\java\maven\lib\jansi-native -Dmaven.multiModuleProjectDirectory=C:\Users\brenno.lima\OneDrive - Works Informatica\Documentos\NetBeansProjects\Projeto\Projeto 
java_command: org.codehaus.plexus.classworlds.launcher.Launcher -Dexec.vmArgs= -Dexec.args=${exec.vmArgs} -classpath %classpath ${exec.mainClass} ${exec.appArgs} -Dexec.appArgs= -Dexec.mainClass=charada.jogo_textual -Dexec.executable=C:\Program Files\Java\jdk-17.0.1\bin\java.exe -Dmaven.ext.class.path=C:\Program Files\NetBeans-13\netbeans\java\maven-nblib\netbeans-eventspy.jar -Dfile.encoding=UTF-8 org.codehaus.mojo:exec-maven-plugin:3.0.0:exec
java_class_path (initial): C:\Program Files\NetBeans-13\netbeans\java\maven\boot\plexus-classworlds-2.6.0.jar
Launcher Type: SUN_STANDARD

[Global flags]
     intx CICompilerCount                          = 3                                         {product} {ergonomic}
     uint ConcGCThreads                            = 1                                         {product} {ergonomic}
     uint G1ConcRefinementThreads                  = 4                                         {product} {ergonomic}
   size_t G1HeapRegionSize                         = 2097152                                   {product} {ergonomic}
    uintx GCDrainStackTargetSize                   = 64                                        {product} {ergonomic}
   size_t InitialHeapSize                          = 268435456                                 {product} {ergonomic}
   size_t MarkStackSize                            = 4194304                                   {product} {ergonomic}
   size_t MaxHeapSize                              = 4265607168                                {product} {ergonomic}
   size_t MinHeapDeltaBytes                        = 2097152                                   {product} {ergonomic}
   size_t MinHeapSize                              = 8388608                                   {product} {ergonomic}
    uintx NonNMethodCodeHeapSize                   = 5832780                                {pd product} {ergonomic}
    uintx NonProfiledCodeHeapSize                  = 122912730                              {pd product} {ergonomic}
    uintx ProfiledCodeHeapSize                     = 122912730                              {pd product} {ergonomic}
    uintx ReservedCodeCacheSize                    = 251658240                              {pd product} {ergonomic}
     bool SegmentedCodeCache                       = true                                      {product} {ergonomic}
   size_t SoftMaxHeapSize                          = 4265607168                             {manageable} {ergonomic}
     bool UseCompressedClassPointers               = true                           {product lp64_product} {ergonomic}
     bool UseCompressedOops                        = true                           {product lp64_product} {ergonomic}
     bool UseG1GC                                  = true                                      {product} {ergonomic}
     bool UseLargePagesIndividualAllocation        = false                                  {pd product} {ergonomic}

Logging:
Log output configuration:
 #0: stdout all=warning uptime,level,tags
 #1: stderr all=off uptime,level,tags

Environment Variables:
JAVA_HOME=C:\Program Files\Java\jdk-17.0.1
CLASSPATH=C:\Program Files (x86)\SAP\SAP Business One DI API\JCO\LIB\sbowrapper.jar;C:\Program Files (x86)\SAP\SAP Business One DI API\JCO\LIB\sboapi.jar
PATH=C:\Program Files (x86)\Common Files\Oracle\Java\javapath;C:\Program Files\Common Files\Oracle\Java\javapath;C:\Windows\system32;C:\Windows;C:\Windows\System32\Wbem;C:\Windows\System32\WindowsPowerShell\v1.0\;C:\Windows\System32\OpenSSH\;C:\Program Files\Microsoft SQL Server\Client SDK\ODBC\170\Tools\Binn\;C:\Program Files (x86)\Microsoft SQL Server\150\Tools\Binn\;C:\Program Files\Microsoft SQL Server\150\Tools\Binn\;C:\Program Files\Microsoft SQL Server\150\DTS\Binn\;C:\Program Files (x86)\Microsoft SQL Server\150\DTS\Binn\;C:\Program Files\Azure Data Studio\bin;C:\Program Files (x86)\SAP\SAP Business One DI API\JCO\LIB\;C:\Program Files (x86)\SAP\SAP Business One DI API\DI API 90;C:\Program Files (x86)\SAP\SAP Business One\;C:\Program Files (x86)\Intel\Intel(R) Management Engine Components\DAL;C:\Program Files\Intel\Intel(R) Management Engine Components\DAL;C:\Program Files\MySQL\MySQL Shell 8.0\bin\;C:\Users\brenno.lima\AppData\Local\Microsoft\WindowsApps;C:\Users\brenno.lima\AppData\Local\Programs\Microsoft VS Code\bin;C:\Users\brenno.lima\AppData\Local\GitHubDesktop\bin;C:\Users\brenno.lima\AppData\Local\Programs\Git\cmd;C:\Program Files\Azure Data Studio\bin
USERNAME=brenno.lima
OS=Windows_NT
PROCESSOR_IDENTIFIER=Intel64 Family 6 Model 142 Stepping 9, GenuineIntel



---------------  S Y S T E M  ---------------

OS:
 Windows 10 , 64 bit Build 19041 (10.0.19041.1706)
OS uptime: 7 days 7:12 hours

CPU: total 4 (initial active 4) (2 cores per cpu, 2 threads per core) family 6 model 142 stepping 9 microcode 0xec, cx8, cmov, fxsr, ht, mmx, 3dnowpref, sse, sse2, sse3, ssse3, sse4.1, sse4.2, popcnt, lzcnt, tsc, tscinvbit, avx, avx2, aes, erms, clmul, bmi1, bmi2, adx, fma, vzeroupper, clflush, clflushopt

Memory: 4k page, system-wide physical 16265M (8549M free)
TotalPageFile size 20361M (AvailPageFile size 51M)
current process WorkingSet (physical memory assigned to process): 10M, peak: 10M
current process commit charge ("private bytes"): 51M, peak: 307M

vm_info: Java HotSpot(TM) 64-Bit Server VM (17.0.1+12-LTS-39) for windows-amd64 JRE (17.0.1+12-LTS-39), built on Sep 27 2021 18:41:35 by "mach5one" with MS VC++ 16.8 (VS2019)

END.
