#
# There is insufficient memory for the Java Runtime Environment to continue.
# Native memory allocation (mmap) failed to map 65536 bytes for Failed to commit metaspace.
# Possible reasons:
#   The system is out of physical RAM or swap space
#   The process is running with CompressedOops enabled, and the Java Heap may be blocking the growth of the native heap
# Possible solutions:
#   Reduce memory load on the system
#   Increase physical memory or swap space
#   Check if swap backing store is full
#   Decrease Java heap size (-Xmx/-Xms)
#   Decrease number of Java threads
#   Decrease Java thread stack sizes (-Xss)
#   Set larger code cache with -XX:ReservedCodeCacheSize=
#   JVM is running with Zero Based Compressed Oops mode in which the Java heap is
#     placed in the first 32GB address space. The Java Heap base address is the
#     maximum limit for the native heap growth. Please use -XX:HeapBaseMinAddress
#     to set the Java Heap base and to place the Java Heap above 32GB virtual address.
# This output file may be truncated or incomplete.
#
#  Out of Memory Error (virtualSpaceNode.cpp:110), pid=1800, tid=17464
#
# JRE version: Java(TM) SE Runtime Environment (17.0.1+12) (build 17.0.1+12-LTS-39)
# Java VM: Java HotSpot(TM) 64-Bit Server VM (17.0.1+12-LTS-39, mixed mode, tiered, compressed oops, compressed class ptrs, g1 gc, windows-amd64)
# No core dump will be written. Minidumps are not enabled by default on client versions of Windows
#

---------------  S U M M A R Y ------------

Command Line: -Dclassworlds.conf=C:\Program Files\NetBeans-13\netbeans\java\maven\bin\m2.conf -Dmaven.home=C:\Program Files\NetBeans-13\netbeans\java\maven -Dlibrary.jansi.path=C:\Program Files\NetBeans-13\netbeans\java\maven\lib\jansi-native -Dmaven.multiModuleProjectDirectory=C:\Users\brenno.lima\OneDrive - Works Informatica\Documentos\NetBeansProjects\Projeto\Projeto org.codehaus.plexus.classworlds.launcher.Launcher -Dexec.vmArgs= -Dexec.args=${exec.vmArgs} -classpath %classpath ${exec.mainClass} ${exec.appArgs} -Dexec.appArgs= -Dexec.mainClass=charada.jogo_textual -Dexec.executable=C:\Program Files\Java\jdk-17.0.1\bin\java.exe -Dmaven.ext.class.path=C:\Program Files\NetBeans-13\netbeans\java\maven-nblib\netbeans-eventspy.jar -Dfile.encoding=UTF-8 org.codehaus.mojo:exec-maven-plugin:3.0.0:exec

Host: Intel(R) Core(TM) i5-7200U CPU @ 2.50GHz, 4 cores, 15G,  Windows 10 , 64 bit Build 19041 (10.0.19041.1706)
Time: Mon May 30 15:09:19 2022 Hora oficial do Brasil elapsed time: 0.171959 seconds (0d 0h 0m 0s)

---------------  T H R E A D  ---------------

Current thread (0x000001bb297a4be0):  JavaThread "main" [_thread_in_vm, id=17464, stack(0x0000009ef0c00000,0x0000009ef0d00000)]

Stack: [0x0000009ef0c00000,0x0000009ef0d00000]
Native frames: (J=compiled Java code, j=interpreted, Vv=VM code, C=native code)
V  [jvm.dll+0x66fa1a]
V  [jvm.dll+0x7ce5a4]
V  [jvm.dll+0x7cfd4e]
V  [jvm.dll+0x7d03b3]
V  [jvm.dll+0x242b05]
V  [jvm.dll+0x7ca54b]
V  [jvm.dll+0x615b76]
V  [jvm.dll+0x615bda]
V  [jvm.dll+0x6183ea]
V  [jvm.dll+0x616516]
V  [jvm.dll+0x2405cc]
V  [jvm.dll+0x6c5edd]
V  [jvm.dll+0x6c690f]
V  [jvm.dll+0x36c1c3]
V  [jvm.dll+0x36b382]
V  [jvm.dll+0x36b328]
V  [jvm.dll+0x559245]
V  [jvm.dll+0x55836d]
V  [jvm.dll+0x37f027]
V  [jvm.dll+0x37e67f]
C  0x000001bb30fca622

Java frames: (J=compiled Java code, j=interpreted, Vv=VM code)
j  java.lang.Throwable.getOurStackTrace()[Ljava/lang/StackTraceElement;+30 java.base@17.0.1
j  java.lang.Throwable.printStackTrace(Ljava/lang/Throwable$PrintStreamOrWriter;)V+32 java.base@17.0.1
j  java.lang.Throwable.printStackTrace(Ljava/io/PrintStream;)V+9 java.base@17.0.1
j  java.lang.ThreadGroup.uncaughtException(Ljava/lang/Thread;Ljava/lang/Throwable;)V+82 java.base@17.0.1
j  java.lang.ThreadGroup.uncaughtException(Ljava/lang/Thread;Ljava/lang/Throwable;)V+13 java.base@17.0.1
j  java.lang.Thread.dispatchUncaughtException(Ljava/lang/Throwable;)V+6 java.base@17.0.1
v  ~StubRoutines::call_stub

---------------  P R O C E S S  ---------------

Threads class SMR info:
_java_thread_list=0x000001bb4c5a0d00, length=12, elements={
0x000001bb297a4be0, 0x000001bb4c426260, 0x000001bb4bbe7c30, 0x000001bb4c45d130,
0x000001bb4c45dbf0, 0x000001bb4c4604c0, 0x000001bb4c460d80, 0x000001bb4c46c1f0,
0x000001bb4c474bb0, 0x000001bb4c478cb0, 0x000001bb4c5c6c10, 0x000001bb4c5d1180
}

Java Threads: ( => current thread )
=>0x000001bb297a4be0 JavaThread "main" [_thread_in_vm, id=17464, stack(0x0000009ef0c00000,0x0000009ef0d00000)]
  0x000001bb4c426260 JavaThread "Reference Handler" daemon [_thread_blocked, id=11640, stack(0x0000009ef1300000,0x0000009ef1400000)]
  0x000001bb4bbe7c30 JavaThread "Finalizer" daemon [_thread_blocked, id=15792, stack(0x0000009ef1400000,0x0000009ef1500000)]
  0x000001bb4c45d130 JavaThread "Signal Dispatcher" daemon [_thread_blocked, id=1148, stack(0x0000009ef1500000,0x0000009ef1600000)]
  0x000001bb4c45dbf0 JavaThread "Attach Listener" daemon [_thread_blocked, id=13876, stack(0x0000009ef1600000,0x0000009ef1700000)]
  0x000001bb4c4604c0 JavaThread "Service Thread" daemon [_thread_blocked, id=9984, stack(0x0000009ef1700000,0x0000009ef1800000)]
  0x000001bb4c460d80 JavaThread "Monitor Deflation Thread" daemon [_thread_blocked, id=18144, stack(0x0000009ef1800000,0x0000009ef1900000)]
  0x000001bb4c46c1f0 JavaThread "C2 CompilerThread0" daemon [_thread_in_native, id=16512, stack(0x0000009ef1900000,0x0000009ef1a00000)]
  0x000001bb4c474bb0 JavaThread "C1 CompilerThread0" daemon [_thread_blocked, id=4100, stack(0x0000009ef1a00000,0x0000009ef1b00000)]
  0x000001bb4c478cb0 JavaThread "Sweeper thread" daemon [_thread_blocked, id=7028, stack(0x0000009ef1b00000,0x0000009ef1c00000)]
  0x000001bb4c5c6c10 JavaThread "Notification Thread" daemon [_thread_blocked, id=13988, stack(0x0000009ef1c00000,0x0000009ef1d00000)]
  0x000001bb4c5d1180 JavaThread "Common-Cleaner" daemon [_thread_blocked, id=8840, stack(0x0000009ef1e00000,0x0000009ef1f00000)]

Other Threads:
  0x000001bb4bbb8830 VMThread "VM Thread" [stack: 0x0000009ef1200000,0x0000009ef1300000] [id=17888]
  0x000001bb29810320 WatcherThread [stack: 0x0000009ef1d00000,0x0000009ef1e00000] [id=1352]
  0x000001bb297f2bd0 GCTaskThread "GC Thread#0" [stack: 0x0000009ef0d00000,0x0000009ef0e00000] [id=5516]
  0x000001bb29803860 ConcurrentGCThread "G1 Main Marker" [stack: 0x0000009ef0e00000,0x0000009ef0f00000] [id=8852]
  0x000001bb29804920 ConcurrentGCThread "G1 Conc#0" [stack: 0x0000009ef0f00000,0x0000009ef1000000] [id=14064]
  0x000001bb4ba620c0 ConcurrentGCThread "G1 Refine#0" [stack: 0x0000009ef1000000,0x0000009ef1100000] [id=1028]
  0x000001bb4ba629f0 ConcurrentGCThread "G1 Service" [stack: 0x0000009ef1100000,0x0000009ef1200000] [id=18076]

Threads with active compile tasks:
C2 CompilerThread0      196  176   !   4       java.util.zip.ZipFile$Source::checkAndAddEntry (209 bytes)

VM state: not at safepoint (normal execution)

VM Mutex/Monitor currently owned by a thread:  ([mutex/lock_event])
[0x000001bb2979dde0] Metaspace_lock - owner thread: 0x000001bb297a4be0

OutOfMemory and StackOverflow Exception counts:
OutOfMemoryError java_heap_errors=1

Heap address: 0x0000000701c00000, size: 4068 MB, Compressed Oops mode: Zero based, Oop shift amount: 3

CDS archive(s) not mapped
Compressed class space mapped at: 0x0000000800000000-0x0000000840000000, reserved size: 1073741824
Narrow klass base: 0x0000000800000000, Narrow klass shift: 0, Narrow klass range: 0x40000000

GC Precious Log:
 CPUs: 4 total, 4 available
 Memory: 16265M
 Large Page Support: Disabled
 NUMA Support: Disabled
 Compressed Oops: Enabled (Zero based)
 Heap Region Size: 2M
 Heap Min Capacity: 8M
 Heap Initial Capacity: 256M
 Heap Max Capacity: 4068M
 Pre-touch: Disabled
 Parallel Workers: 4
 Concurrent Workers: 1
 Concurrent Refinement Workers: 4
 Periodic GC: Disabled

Heap:
 garbage-first heap   total 262144K, used 2048K [0x0000000701c00000, 0x0000000800000000)
  region size 2048K, 2 young (4096K), 0 survivors (0K)
 Metaspace       used 5145K, committed 5248K, reserved 1056768K
  class space    used 436K, committed 512K, reserved 1048576K

Heap Regions: E=young(eden), S=young(survivor), O=old, HS=humongous(starts), HC=humongous(continues), CS=collection set, F=free, OA=open archive, CA=closed archive, TAMS=top-at-mark-start (previous, next)
|   0|0x0000000701c00000, 0x0000000701c00000, 0x0000000701e00000|  0%| F|  |TAMS 0x0000000701c00000, 0x0000000701c00000| Untracked 
|   1|0x0000000701e00000, 0x0000000701e00000, 0x0000000702000000|  0%| F|  |TAMS 0x0000000701e00000, 0x0000000701e00000| Untracked 
|   2|0x0000000702000000, 0x0000000702000000, 0x0000000702200000|  0%| F|  |TAMS 0x0000000702000000, 0x0000000702000000| Untracked 
|   3|0x0000000702200000, 0x0000000702200000, 0x0000000702400000|  0%| F|  |TAMS 0x0000000702200000, 0x0000000702200000| Untracked 
|   4|0x0000000702400000, 0x0000000702400000, 0x0000000702600000|  0%| F|  |TAMS 0x0000000702400000, 0x0000000702400000| Untracked 
|   5|0x0000000702600000, 0x0000000702600000, 0x0000000702800000|  0%| F|  |TAMS 0x0000000702600000, 0x0000000702600000| Untracked 
|   6|0x0000000702800000, 0x0000000702800000, 0x0000000702a00000|  0%| F|  |TAMS 0x0000000702800000, 0x0000000702800000| Untracked 
|   7|0x0000000702a00000, 0x0000000702a00000, 0x0000000702c00000|  0%| F|  |TAMS 0x0000000702a00000, 0x0000000702a00000| Untracked 
|   8|0x0000000702c00000, 0x0000000702c00000, 0x0000000702e00000|  0%| F|  |TAMS 0x0000000702c00000, 0x0000000702c00000| Untracked 
|   9|0x0000000702e00000, 0x0000000702e00000, 0x0000000703000000|  0%| F|  |TAMS 0x0000000702e00000, 0x0000000702e00000| Untracked 
|  10|0x0000000703000000, 0x0000000703000000, 0x0000000703200000|  0%| F|  |TAMS 0x0000000703000000, 0x0000000703000000| Untracked 
|  11|0x0000000703200000, 0x0000000703200000, 0x0000000703400000|  0%| F|  |TAMS 0x0000000703200000, 0x0000000703200000| Untracked 
|  12|0x0000000703400000, 0x0000000703400000, 0x0000000703600000|  0%| F|  |TAMS 0x0000000703400000, 0x0000000703400000| Untracked 
|  13|0x0000000703600000, 0x0000000703600000, 0x0000000703800000|  0%| F|  |TAMS 0x0000000703600000, 0x0000000703600000| Untracked 
|  14|0x0000000703800000, 0x0000000703800000, 0x0000000703a00000|  0%| F|  |TAMS 0x0000000703800000, 0x0000000703800000| Untracked 
|  15|0x0000000703a00000, 0x0000000703a00000, 0x0000000703c00000|  0%| F|  |TAMS 0x0000000703a00000, 0x0000000703a00000| Untracked 
|  16|0x0000000703c00000, 0x0000000703c00000, 0x0000000703e00000|  0%| F|  |TAMS 0x0000000703c00000, 0x0000000703c00000| Untracked 
|  17|0x0000000703e00000, 0x0000000703e00000, 0x0000000704000000|  0%| F|  |TAMS 0x0000000703e00000, 0x0000000703e00000| Untracked 
|  18|0x0000000704000000, 0x0000000704000000, 0x0000000704200000|  0%| F|  |TAMS 0x0000000704000000, 0x0000000704000000| Untracked 
|  19|0x0000000704200000, 0x0000000704200000, 0x0000000704400000|  0%| F|  |TAMS 0x0000000704200000, 0x0000000704200000| Untracked 
|  20|0x0000000704400000, 0x0000000704400000, 0x0000000704600000|  0%| F|  |TAMS 0x0000000704400000, 0x0000000704400000| Untracked 
|  21|0x0000000704600000, 0x0000000704600000, 0x0000000704800000|  0%| F|  |TAMS 0x0000000704600000, 0x0000000704600000| Untracked 
|  22|0x0000000704800000, 0x0000000704800000, 0x0000000704a00000|  0%| F|  |TAMS 0x0000000704800000, 0x0000000704800000| Untracked 
|  23|0x0000000704a00000, 0x0000000704a00000, 0x0000000704c00000|  0%| F|  |TAMS 0x0000000704a00000, 0x0000000704a00000| Untracked 
|  24|0x0000000704c00000, 0x0000000704c00000, 0x0000000704e00000|  0%| F|  |TAMS 0x0000000704c00000, 0x0000000704c00000| Untracked 
|  25|0x0000000704e00000, 0x0000000704e00000, 0x0000000705000000|  0%| F|  |TAMS 0x0000000704e00000, 0x0000000704e00000| Untracked 
|  26|0x0000000705000000, 0x0000000705000000, 0x0000000705200000|  0%| F|  |TAMS 0x0000000705000000, 0x0000000705000000| Untracked 
|  27|0x0000000705200000, 0x0000000705200000, 0x0000000705400000|  0%| F|  |TAMS 0x0000000705200000, 0x0000000705200000| Untracked 
|  28|0x0000000705400000, 0x0000000705400000, 0x0000000705600000|  0%| F|  |TAMS 0x0000000705400000, 0x0000000705400000| Untracked 
|  29|0x0000000705600000, 0x0000000705600000, 0x0000000705800000|  0%| F|  |TAMS 0x0000000705600000, 0x0000000705600000| Untracked 
|  30|0x0000000705800000, 0x0000000705800000, 0x0000000705a00000|  0%| F|  |TAMS 0x0000000705800000, 0x0000000705800000| Untracked 
|  31|0x0000000705a00000, 0x0000000705a00000, 0x0000000705c00000|  0%| F|  |TAMS 0x0000000705a00000, 0x0000000705a00000| Untracked 
|  32|0x0000000705c00000, 0x0000000705c00000, 0x0000000705e00000|  0%| F|  |TAMS 0x0000000705c00000, 0x0000000705c00000| Untracked 
|  33|0x0000000705e00000, 0x0000000705e00000, 0x0000000706000000|  0%| F|  |TAMS 0x0000000705e00000, 0x0000000705e00000| Untracked 
|  34|0x0000000706000000, 0x0000000706000000, 0x0000000706200000|  0%| F|  |TAMS 0x0000000706000000, 0x0000000706000000| Untracked 
|  35|0x0000000706200000, 0x0000000706200000, 0x0000000706400000|  0%| F|  |TAMS 0x0000000706200000, 0x0000000706200000| Untracked 
|  36|0x0000000706400000, 0x0000000706400000, 0x0000000706600000|  0%| F|  |TAMS 0x0000000706400000, 0x0000000706400000| Untracked 
|  37|0x0000000706600000, 0x0000000706600000, 0x0000000706800000|  0%| F|  |TAMS 0x0000000706600000, 0x0000000706600000| Untracked 
|  38|0x0000000706800000, 0x0000000706800000, 0x0000000706a00000|  0%| F|  |TAMS 0x0000000706800000, 0x0000000706800000| Untracked 
|  39|0x0000000706a00000, 0x0000000706a00000, 0x0000000706c00000|  0%| F|  |TAMS 0x0000000706a00000, 0x0000000706a00000| Untracked 
|  40|0x0000000706c00000, 0x0000000706c00000, 0x0000000706e00000|  0%| F|  |TAMS 0x0000000706c00000, 0x0000000706c00000| Untracked 
|  41|0x0000000706e00000, 0x0000000706e00000, 0x0000000707000000|  0%| F|  |TAMS 0x0000000706e00000, 0x0000000706e00000| Untracked 
|  42|0x0000000707000000, 0x0000000707000000, 0x0000000707200000|  0%| F|  |TAMS 0x0000000707000000, 0x0000000707000000| Untracked 
|  43|0x0000000707200000, 0x0000000707200000, 0x0000000707400000|  0%| F|  |TAMS 0x0000000707200000, 0x0000000707200000| Untracked 
|  44|0x0000000707400000, 0x0000000707400000, 0x0000000707600000|  0%| F|  |TAMS 0x0000000707400000, 0x0000000707400000| Untracked 
|  45|0x0000000707600000, 0x0000000707600000, 0x0000000707800000|  0%| F|  |TAMS 0x0000000707600000, 0x0000000707600000| Untracked 
|  46|0x0000000707800000, 0x0000000707800000, 0x0000000707a00000|  0%| F|  |TAMS 0x0000000707800000, 0x0000000707800000| Untracked 
|  47|0x0000000707a00000, 0x0000000707a00000, 0x0000000707c00000|  0%| F|  |TAMS 0x0000000707a00000, 0x0000000707a00000| Untracked 
|  48|0x0000000707c00000, 0x0000000707c00000, 0x0000000707e00000|  0%| F|  |TAMS 0x0000000707c00000, 0x0000000707c00000| Untracked 
|  49|0x0000000707e00000, 0x0000000707e00000, 0x0000000708000000|  0%| F|  |TAMS 0x0000000707e00000, 0x0000000707e00000| Untracked 
|  50|0x0000000708000000, 0x0000000708000000, 0x0000000708200000|  0%| F|  |TAMS 0x0000000708000000, 0x0000000708000000| Untracked 
|  51|0x0000000708200000, 0x0000000708200000, 0x0000000708400000|  0%| F|  |TAMS 0x0000000708200000, 0x0000000708200000| Untracked 
|  52|0x0000000708400000, 0x0000000708400000, 0x0000000708600000|  0%| F|  |TAMS 0x0000000708400000, 0x0000000708400000| Untracked 
|  53|0x0000000708600000, 0x0000000708600000, 0x0000000708800000|  0%| F|  |TAMS 0x0000000708600000, 0x0000000708600000| Untracked 
|  54|0x0000000708800000, 0x0000000708800000, 0x0000000708a00000|  0%| F|  |TAMS 0x0000000708800000, 0x0000000708800000| Untracked 
|  55|0x0000000708a00000, 0x0000000708a00000, 0x0000000708c00000|  0%| F|  |TAMS 0x0000000708a00000, 0x0000000708a00000| Untracked 
|  56|0x0000000708c00000, 0x0000000708c00000, 0x0000000708e00000|  0%| F|  |TAMS 0x0000000708c00000, 0x0000000708c00000| Untracked 
|  57|0x0000000708e00000, 0x0000000708e00000, 0x0000000709000000|  0%| F|  |TAMS 0x0000000708e00000, 0x0000000708e00000| Untracked 
|  58|0x0000000709000000, 0x0000000709000000, 0x0000000709200000|  0%| F|  |TAMS 0x0000000709000000, 0x0000000709000000| Untracked 
|  59|0x0000000709200000, 0x0000000709200000, 0x0000000709400000|  0%| F|  |TAMS 0x0000000709200000, 0x0000000709200000| Untracked 
|  60|0x0000000709400000, 0x0000000709400000, 0x0000000709600000|  0%| F|  |TAMS 0x0000000709400000, 0x0000000709400000| Untracked 
|  61|0x0000000709600000, 0x0000000709600000, 0x0000000709800000|  0%| F|  |TAMS 0x0000000709600000, 0x0000000709600000| Untracked 
|  62|0x0000000709800000, 0x0000000709800000, 0x0000000709a00000|  0%| F|  |TAMS 0x0000000709800000, 0x0000000709800000| Untracked 
|  63|0x0000000709a00000, 0x0000000709a00000, 0x0000000709c00000|  0%| F|  |TAMS 0x0000000709a00000, 0x0000000709a00000| Untracked 
|  64|0x0000000709c00000, 0x0000000709c00000, 0x0000000709e00000|  0%| F|  |TAMS 0x0000000709c00000, 0x0000000709c00000| Untracked 
|  65|0x0000000709e00000, 0x0000000709e00000, 0x000000070a000000|  0%| F|  |TAMS 0x0000000709e00000, 0x0000000709e00000| Untracked 
|  66|0x000000070a000000, 0x000000070a000000, 0x000000070a200000|  0%| F|  |TAMS 0x000000070a000000, 0x000000070a000000| Untracked 
|  67|0x000000070a200000, 0x000000070a200000, 0x000000070a400000|  0%| F|  |TAMS 0x000000070a200000, 0x000000070a200000| Untracked 
|  68|0x000000070a400000, 0x000000070a400000, 0x000000070a600000|  0%| F|  |TAMS 0x000000070a400000, 0x000000070a400000| Untracked 
|  69|0x000000070a600000, 0x000000070a600000, 0x000000070a800000|  0%| F|  |TAMS 0x000000070a600000, 0x000000070a600000| Untracked 
|  70|0x000000070a800000, 0x000000070a800000, 0x000000070aa00000|  0%| F|  |TAMS 0x000000070a800000, 0x000000070a800000| Untracked 
|  71|0x000000070aa00000, 0x000000070aa00000, 0x000000070ac00000|  0%| F|  |TAMS 0x000000070aa00000, 0x000000070aa00000| Untracked 
|  72|0x000000070ac00000, 0x000000070ac00000, 0x000000070ae00000|  0%| F|  |TAMS 0x000000070ac00000, 0x000000070ac00000| Untracked 
|  73|0x000000070ae00000, 0x000000070ae00000, 0x000000070b000000|  0%| F|  |TAMS 0x000000070ae00000, 0x000000070ae00000| Untracked 
|  74|0x000000070b000000, 0x000000070b000000, 0x000000070b200000|  0%| F|  |TAMS 0x000000070b000000, 0x000000070b000000| Untracked 
|  75|0x000000070b200000, 0x000000070b200000, 0x000000070b400000|  0%| F|  |TAMS 0x000000070b200000, 0x000000070b200000| Untracked 
|  76|0x000000070b400000, 0x000000070b400000, 0x000000070b600000|  0%| F|  |TAMS 0x000000070b400000, 0x000000070b400000| Untracked 
|  77|0x000000070b600000, 0x000000070b600000, 0x000000070b800000|  0%| F|  |TAMS 0x000000070b600000, 0x000000070b600000| Untracked 
|  78|0x000000070b800000, 0x000000070b800000, 0x000000070ba00000|  0%| F|  |TAMS 0x000000070b800000, 0x000000070b800000| Untracked 
|  79|0x000000070ba00000, 0x000000070ba00000, 0x000000070bc00000|  0%| F|  |TAMS 0x000000070ba00000, 0x000000070ba00000| Untracked 
|  80|0x000000070bc00000, 0x000000070bc00000, 0x000000070be00000|  0%| F|  |TAMS 0x000000070bc00000, 0x000000070bc00000| Untracked 
|  81|0x000000070be00000, 0x000000070be00000, 0x000000070c000000|  0%| F|  |TAMS 0x000000070be00000, 0x000000070be00000| Untracked 
|  82|0x000000070c000000, 0x000000070c000000, 0x000000070c200000|  0%| F|  |TAMS 0x000000070c000000, 0x000000070c000000| Untracked 
|  83|0x000000070c200000, 0x000000070c200000, 0x000000070c400000|  0%| F|  |TAMS 0x000000070c200000, 0x000000070c200000| Untracked 
|  84|0x000000070c400000, 0x000000070c400000, 0x000000070c600000|  0%| F|  |TAMS 0x000000070c400000, 0x000000070c400000| Untracked 
|  85|0x000000070c600000, 0x000000070c600000, 0x000000070c800000|  0%| F|  |TAMS 0x000000070c600000, 0x000000070c600000| Untracked 
|  86|0x000000070c800000, 0x000000070c800000, 0x000000070ca00000|  0%| F|  |TAMS 0x000000070c800000, 0x000000070c800000| Untracked 
|  87|0x000000070ca00000, 0x000000070ca00000, 0x000000070cc00000|  0%| F|  |TAMS 0x000000070ca00000, 0x000000070ca00000| Untracked 
|  88|0x000000070cc00000, 0x000000070cc00000, 0x000000070ce00000|  0%| F|  |TAMS 0x000000070cc00000, 0x000000070cc00000| Untracked 
|  89|0x000000070ce00000, 0x000000070ce00000, 0x000000070d000000|  0%| F|  |TAMS 0x000000070ce00000, 0x000000070ce00000| Untracked 
|  90|0x000000070d000000, 0x000000070d000000, 0x000000070d200000|  0%| F|  |TAMS 0x000000070d000000, 0x000000070d000000| Untracked 
|  91|0x000000070d200000, 0x000000070d200000, 0x000000070d400000|  0%| F|  |TAMS 0x000000070d200000, 0x000000070d200000| Untracked 
|  92|0x000000070d400000, 0x000000070d400000, 0x000000070d600000|  0%| F|  |TAMS 0x000000070d400000, 0x000000070d400000| Untracked 
|  93|0x000000070d600000, 0x000000070d600000, 0x000000070d800000|  0%| F|  |TAMS 0x000000070d600000, 0x000000070d600000| Untracked 
|  94|0x000000070d800000, 0x000000070d800000, 0x000000070da00000|  0%| F|  |TAMS 0x000000070d800000, 0x000000070d800000| Untracked 
|  95|0x000000070da00000, 0x000000070da00000, 0x000000070dc00000|  0%| F|  |TAMS 0x000000070da00000, 0x000000070da00000| Untracked 
|  96|0x000000070dc00000, 0x000000070dc00000, 0x000000070de00000|  0%| F|  |TAMS 0x000000070dc00000, 0x000000070dc00000| Untracked 
|  97|0x000000070de00000, 0x000000070de00000, 0x000000070e000000|  0%| F|  |TAMS 0x000000070de00000, 0x000000070de00000| Untracked 
|  98|0x000000070e000000, 0x000000070e000000, 0x000000070e200000|  0%| F|  |TAMS 0x000000070e000000, 0x000000070e000000| Untracked 
|  99|0x000000070e200000, 0x000000070e200000, 0x000000070e400000|  0%| F|  |TAMS 0x000000070e200000, 0x000000070e200000| Untracked 
| 100|0x000000070e400000, 0x000000070e400000, 0x000000070e600000|  0%| F|  |TAMS 0x000000070e400000, 0x000000070e400000| Untracked 
| 101|0x000000070e600000, 0x000000070e600000, 0x000000070e800000|  0%| F|  |TAMS 0x000000070e600000, 0x000000070e600000| Untracked 
| 102|0x000000070e800000, 0x000000070e800000, 0x000000070ea00000|  0%| F|  |TAMS 0x000000070e800000, 0x000000070e800000| Untracked 
| 103|0x000000070ea00000, 0x000000070ea00000, 0x000000070ec00000|  0%| F|  |TAMS 0x000000070ea00000, 0x000000070ea00000| Untracked 
| 104|0x000000070ec00000, 0x000000070ec00000, 0x000000070ee00000|  0%| F|  |TAMS 0x000000070ec00000, 0x000000070ec00000| Untracked 
| 105|0x000000070ee00000, 0x000000070ee00000, 0x000000070f000000|  0%| F|  |TAMS 0x000000070ee00000, 0x000000070ee00000| Untracked 
| 106|0x000000070f000000, 0x000000070f000000, 0x000000070f200000|  0%| F|  |TAMS 0x000000070f000000, 0x000000070f000000| Untracked 
| 107|0x000000070f200000, 0x000000070f200000, 0x000000070f400000|  0%| F|  |TAMS 0x000000070f200000, 0x000000070f200000| Untracked 
| 108|0x000000070f400000, 0x000000070f400000, 0x000000070f600000|  0%| F|  |TAMS 0x000000070f400000, 0x000000070f400000| Untracked 
| 109|0x000000070f600000, 0x000000070f600000, 0x000000070f800000|  0%| F|  |TAMS 0x000000070f600000, 0x000000070f600000| Untracked 
| 110|0x000000070f800000, 0x000000070f800000, 0x000000070fa00000|  0%| F|  |TAMS 0x000000070f800000, 0x000000070f800000| Untracked 
| 111|0x000000070fa00000, 0x000000070fa00000, 0x000000070fc00000|  0%| F|  |TAMS 0x000000070fa00000, 0x000000070fa00000| Untracked 
| 112|0x000000070fc00000, 0x000000070fc00000, 0x000000070fe00000|  0%| F|  |TAMS 0x000000070fc00000, 0x000000070fc00000| Untracked 
| 113|0x000000070fe00000, 0x000000070fe00000, 0x0000000710000000|  0%| F|  |TAMS 0x000000070fe00000, 0x000000070fe00000| Untracked 
| 114|0x0000000710000000, 0x0000000710000000, 0x0000000710200000|  0%| F|  |TAMS 0x0000000710000000, 0x0000000710000000| Untracked 
| 115|0x0000000710200000, 0x0000000710200000, 0x0000000710400000|  0%| F|  |TAMS 0x0000000710200000, 0x0000000710200000| Untracked 
| 116|0x0000000710400000, 0x0000000710400000, 0x0000000710600000|  0%| F|  |TAMS 0x0000000710400000, 0x0000000710400000| Untracked 
| 117|0x0000000710600000, 0x0000000710600000, 0x0000000710800000|  0%| F|  |TAMS 0x0000000710600000, 0x0000000710600000| Untracked 
| 118|0x0000000710800000, 0x0000000710800000, 0x0000000710a00000|  0%| F|  |TAMS 0x0000000710800000, 0x0000000710800000| Untracked 
| 119|0x0000000710a00000, 0x0000000710a00000, 0x0000000710c00000|  0%| F|  |TAMS 0x0000000710a00000, 0x0000000710a00000| Untracked 
| 120|0x0000000710c00000, 0x0000000710c00000, 0x0000000710e00000|  0%| F|  |TAMS 0x0000000710c00000, 0x0000000710c00000| Untracked 
| 121|0x0000000710e00000, 0x0000000710e00000, 0x0000000711000000|  0%| F|  |TAMS 0x0000000710e00000, 0x0000000710e00000| Untracked 
| 122|0x0000000711000000, 0x0000000711000000, 0x0000000711200000|  0%| F|  |TAMS 0x0000000711000000, 0x0000000711000000| Untracked 
| 123|0x0000000711200000, 0x0000000711200000, 0x0000000711400000|  0%| F|  |TAMS 0x0000000711200000, 0x0000000711200000| Untracked 
| 124|0x0000000711400000, 0x0000000711400000, 0x0000000711600000|  0%| F|  |TAMS 0x0000000711400000, 0x0000000711400000| Untracked 
| 125|0x0000000711600000, 0x0000000711600000, 0x0000000711800000|  0%| F|  |TAMS 0x0000000711600000, 0x0000000711600000| Untracked 
| 126|0x0000000711800000, 0x00000007118a2ea0, 0x0000000711a00000| 31%| E|  |TAMS 0x0000000711800000, 0x0000000711800000| Complete 
| 127|0x0000000711a00000, 0x0000000711c00000, 0x0000000711c00000|100%| E|CS|TAMS 0x0000000711a00000, 0x0000000711a00000| Complete 

Card table byte_map: [0x000001bb407b0000,0x000001bb40fb0000] _byte_map_base: 0x000001bb3cfa2000

Marking Bits (Prev, Next): (CMBitMap*) 0x000001bb297f30f0, (CMBitMap*) 0x000001bb297f3130
 Prev Bits: [0x000001bb417b0000, 0x000001bb45740000)
 Next Bits: [0x000001bb45740000, 0x000001bb496d0000)

Polling page: 0x000001bb28f80000

Metaspace:

Usage:
  Non-class:      4.60 MB used.
      Class:    436.95 KB used.
       Both:      5.02 MB used.

Virtual space:
  Non-class space:        8.00 MB reserved,       4.62 MB ( 58%) committed,  1 nodes.
      Class space:        1.00 GB reserved,     512.00 KB ( <1%) committed,  1 nodes.
             Both:        1.01 GB reserved,       5.12 MB ( <1%) committed. 

Chunk freelists:
   Non-Class:  2.89 MB
       Class:  3.54 MB
        Both:  6.44 MB

MaxMetaspaceSize: unlimited
CompressedClassSpaceSize: 1.00 GB
Initial GC threshold: 21.00 MB
Current GC threshold: 21.00 MB
CDS: off
MetaspaceReclaimPolicy: balanced
 - commit_granule_bytes: 65536.
 - commit_granule_words: 8192.
 - virtual_space_node_default_size: 1048576.
 - enlarge_chunks_in_place: 1.
 - new_chunks_are_fully_committed: 0.
 - uncommit_free_chunks: 1.
 - use_allocation_guard: 0.
 - handle_deallocations: 1.


Internal statistics:

num_allocs_failed_limit: 0.
num_arena_births: 6.
num_arena_deaths: 0.
num_vsnodes_births: 2.
num_vsnodes_deaths: 0.
num_space_committed: 82.
num_space_uncommitted: 0.
num_chunks_returned_to_freelist: 0.
num_chunks_taken_from_freelist: 20.
num_chunk_merges: 0.
num_chunk_splits: 9.
num_chunks_enlarged: 6.
num_purges: 0.
num_inconsistent_stats: 0.

CodeHeap 'non-profiled nmethods': size=120000Kb used=45Kb max_used=45Kb free=119954Kb
 bounds [0x000001bb38a80000, 0x000001bb38cf0000, 0x000001bb3ffb0000]
CodeHeap 'profiled nmethods': size=120000Kb used=231Kb max_used=231Kb free=119768Kb
 bounds [0x000001bb31550000, 0x000001bb317c0000, 0x000001bb38a80000]
CodeHeap 'non-nmethods': size=5760Kb used=1061Kb max_used=1077Kb free=4698Kb
 bounds [0x000001bb30fb0000, 0x000001bb31220000, 0x000001bb31550000]
 total_blobs=499 nmethods=176 adapters=236
 compilation: enabled
              stopped_count=0, restarted_count=0
 full_count=0

Compilation events (20 events):
Event: 0.163 Thread 0x000001bb4c474bb0  167       3       jdk.internal.ref.CleanerImpl::getCleanerImpl (13 bytes)
Event: 0.164 Thread 0x000001bb4c474bb0 nmethod 167 0x000001bb31588b10 code [0x000001bb31588cc0, 0x000001bb31588f88]
Event: 0.164 Thread 0x000001bb4c474bb0  168       3       java.lang.ref.Cleaner$1::apply (9 bytes)
Event: 0.164 Thread 0x000001bb4c474bb0 nmethod 168 0x000001bb31589090 code [0x000001bb31589240, 0x000001bb315894b8]
Event: 0.164 Thread 0x000001bb4c46c1f0 nmethod 166 0x000001bb38a8a090 code [0x000001bb38a8a200, 0x000001bb38a8a2f8]
Event: 0.164 Thread 0x000001bb4c474bb0  169       1       java.util.ArrayList::size (5 bytes)
Event: 0.165 Thread 0x000001bb4c474bb0 nmethod 169 0x000001bb38a8a410 code [0x000001bb38a8a5a0, 0x000001bb38a8a678]
Event: 0.165 Thread 0x000001bb4c474bb0  170       3       java.util.zip.ZipFile$Source::getEntryNext (9 bytes)
Event: 0.165 Thread 0x000001bb4c474bb0 nmethod 170 0x000001bb31589590 code [0x000001bb31589720, 0x000001bb31589858]
Event: 0.166 Thread 0x000001bb4c474bb0  171       3       java.io.RandomAccessFile::read (8 bytes)
Event: 0.166 Thread 0x000001bb4c474bb0 nmethod 171 0x000001bb31589910 code [0x000001bb31589aa0, 0x000001bb31589be8]
Event: 0.166 Thread 0x000001bb4c46c1f0  173       4       java.io.WinNTFileSystem::isSlash (18 bytes)
Event: 0.166 Thread 0x000001bb4c46c1f0 nmethod 173 0x000001bb38a8ab10 code [0x000001bb38a8ac80, 0x000001bb38a8ad18]
Event: 0.167 Thread 0x000001bb4c46c1f0  174       4       java.util.zip.ZipFile$Source::zipCoderForPos (39 bytes)
Event: 0.167 Thread 0x000001bb4c474bb0  175       1       sun.nio.fs.NativeBuffer::address (5 bytes)
Event: 0.167 Thread 0x000001bb4c46c1f0 nmethod 174 0x000001bb38a8ae10 code [0x000001bb38a8af80, 0x000001bb38a8b038]
Event: 0.167 Thread 0x000001bb4c474bb0 nmethod 175 0x000001bb38a8b110 code [0x000001bb38a8b2a0, 0x000001bb38a8b378]
Event: 0.168 Thread 0x000001bb4c46c1f0  176   !   4       java.util.zip.ZipFile$Source::checkAndAddEntry (209 bytes)
Event: 0.168 Thread 0x000001bb4c474bb0  177       1       java.lang.Integer::intValue (5 bytes)
Event: 0.168 Thread 0x000001bb4c474bb0 nmethod 177 0x000001bb38a8b410 code [0x000001bb38a8b5a0, 0x000001bb38a8b678]

GC Heap History (0 events):
No events

Deoptimization events (0 events):
No events

Classes unloaded (0 events):
No events

Classes redefined (0 events):
No events

Internal exceptions (1 events):
Event: 0.168 Thread 0x000001bb297a4be0 Exception <a 'java/lang/OutOfMemoryError'{0x000000071189f9d8}> (0x000000071189f9d8) 
thrown [t:\workspace\open\src\hotspot\share\prims\jni.cpp, line 535]

VM Operations (2 events):
Event: 0.109 Executing VM operation: HandshakeAllThreads
Event: 0.109 Executing VM operation: HandshakeAllThreads done

Events (20 events):
Event: 0.150 loading class java/util/Properties$LineReader
Event: 0.150 loading class java/util/Properties$LineReader done
Event: 0.153 loading class java/io/FilePermissionCollection
Event: 0.153 loading class java/io/FilePermissionCollection done
Event: 0.153 loading class java/util/Vector
Event: 0.153 loading class java/util/Vector done
Event: 0.153 loading class java/io/FilePermissionCollection$1
Event: 0.153 loading class java/util/function/BiFunction
Event: 0.153 loading class java/util/function/BiFunction done
Event: 0.153 loading class java/io/FilePermissionCollection$1 done
Event: 0.168 loading class java/util/zip/DataFormatException
Event: 0.168 loading class java/util/zip/DataFormatException done
Event: 0.168 loading class java/security/PrivilegedActionException
Event: 0.168 loading class java/security/PrivilegedActionException done
Event: 0.168 loading class java/lang/SecurityException
Event: 0.168 loading class java/lang/SecurityException done
Event: 0.168 loading class java/lang/Throwable$WrappedPrintStream
Event: 0.168 loading class java/lang/Throwable$PrintStreamOrWriter
Event: 0.168 loading class java/lang/Throwable$PrintStreamOrWriter done
Event: 0.168 loading class java/lang/Throwable$WrappedPrintStream done


Dynamic libraries:
0x00007ff7a5c70000 - 0x00007ff7a5c80000 	C:\Program Files\Java\jdk-17.0.1\bin\java.exe
0x00007fff90cb0000 - 0x00007fff90ea5000 	C:\Windows\SYSTEM32\ntdll.dll
0x00007fff90b80000 - 0x00007fff90c3d000 	C:\Windows\System32\KERNEL32.DLL
0x00007fff8e3e0000 - 0x00007fff8e6ad000 	C:\Windows\System32\KERNELBASE.dll
0x00007fff8e8d0000 - 0x00007fff8e9d0000 	C:\Windows\System32\ucrtbase.dll
0x00007fff89660000 - 0x00007fff8967a000 	C:\Program Files\Java\jdk-17.0.1\bin\VCRUNTIME140.dll
0x00007fff8a5a0000 - 0x00007fff8a5b8000 	C:\Program Files\Java\jdk-17.0.1\bin\jli.dll
0x00007fff90650000 - 0x00007fff906fe000 	C:\Windows\System32\ADVAPI32.dll
0x00007fff8f740000 - 0x00007fff8f7de000 	C:\Windows\System32\msvcrt.dll
0x00007fff8f800000 - 0x00007fff8f89c000 	C:\Windows\System32\sechost.dll
0x00007fff903f0000 - 0x00007fff90515000 	C:\Windows\System32\RPCRT4.dll
0x00007fff909b0000 - 0x00007fff90b50000 	C:\Windows\System32\USER32.dll
0x00007fff8e7c0000 - 0x00007fff8e7e2000 	C:\Windows\System32\win32u.dll
0x00007fff84f80000 - 0x00007fff8521a000 	C:\Windows\WinSxS\amd64_microsoft.windows.common-controls_6595b64144ccf1df_6.0.19041.1110_none_60b5254171f9507e\COMCTL32.dll
0x00007fff90b50000 - 0x00007fff90b7a000 	C:\Windows\System32\GDI32.dll
0x00007fff8e6b0000 - 0x00007fff8e7bb000 	C:\Windows\System32\gdi32full.dll
0x00007fff8ebc0000 - 0x00007fff8ec5d000 	C:\Windows\System32\msvcp_win.dll
0x00007fff89d10000 - 0x00007fff89d1a000 	C:\Windows\SYSTEM32\VERSION.dll
0x00007fff8f6a0000 - 0x00007fff8f6d0000 	C:\Windows\System32\IMM32.DLL
0x00007fff89650000 - 0x00007fff8965c000 	C:\Program Files\Java\jdk-17.0.1\bin\vcruntime140_1.dll
0x00007fff53c90000 - 0x00007fff53d1d000 	C:\Program Files\Java\jdk-17.0.1\bin\msvcp140.dll
0x00007fff19cd0000 - 0x00007fff1a88e000 	C:\Program Files\Java\jdk-17.0.1\bin\server\jvm.dll
0x00007fff8f690000 - 0x00007fff8f698000 	C:\Windows\System32\PSAPI.DLL
0x00007fff85450000 - 0x00007fff85459000 	C:\Windows\SYSTEM32\WSOCK32.dll
0x00007fff84cf0000 - 0x00007fff84d17000 	C:\Windows\SYSTEM32\WINMM.dll
0x00007fff8f6d0000 - 0x00007fff8f73b000 	C:\Windows\System32\WS2_32.dll
0x00007fff8cc20000 - 0x00007fff8cc32000 	C:\Windows\SYSTEM32\kernel.appcore.dll
0x00007fff89620000 - 0x00007fff8962a000 	C:\Program Files\Java\jdk-17.0.1\bin\jimage.dll
0x00007fff8c180000 - 0x00007fff8c364000 	C:\Windows\SYSTEM32\DBGHELP.DLL
0x00007fff7f860000 - 0x00007fff7f88c000 	C:\Windows\SYSTEM32\dbgcore.DLL
0x00007fff8eb30000 - 0x00007fff8ebb2000 	C:\Windows\System32\bcryptPrimitives.dll
0x00007fff7dd90000 - 0x00007fff7ddb5000 	C:\Program Files\Java\jdk-17.0.1\bin\java.dll
0x00007fff593d0000 - 0x00007fff594a6000 	C:\Program Files\Java\jdk-17.0.1\bin\svml.dll
0x00007fff8ed30000 - 0x00007fff8f474000 	C:\Windows\System32\SHELL32.dll
0x00007fff8c370000 - 0x00007fff8cb04000 	C:\Windows\SYSTEM32\windows.storage.dll
0x00007fff8fb80000 - 0x00007fff8fed4000 	C:\Windows\System32\combase.dll
0x00007fff8ddf0000 - 0x00007fff8de1c000 	C:\Windows\SYSTEM32\Wldp.dll
0x00007fff8fac0000 - 0x00007fff8fb6d000 	C:\Windows\System32\SHCORE.dll
0x00007fff90520000 - 0x00007fff90575000 	C:\Windows\System32\shlwapi.dll
0x00007fff8e2d0000 - 0x00007fff8e2ef000 	C:\Windows\SYSTEM32\profapi.dll
0x00007fff82040000 - 0x00007fff82059000 	C:\Program Files\Java\jdk-17.0.1\bin\net.dll
0x00007fff87170000 - 0x00007fff8727a000 	C:\Windows\SYSTEM32\WINHTTP.dll
0x00007fff8db50000 - 0x00007fff8dbba000 	C:\Windows\system32\mswsock.dll
0x00007fff81fe0000 - 0x00007fff81ff5000 	C:\Program Files\Java\jdk-17.0.1\bin\nio.dll
0x00007fff7dc70000 - 0x00007fff7dc88000 	C:\Program Files\Java\jdk-17.0.1\bin\zip.dll

dbghelp: loaded successfully - version: 4.0.5 - missing functions: none
symbol engine: initialized successfully - sym options: 0x614 - pdb path: .;C:\Program Files\Java\jdk-17.0.1\bin;C:\Windows\SYSTEM32;C:\Windows\WinSxS\amd64_microsoft.windows.common-controls_6595b64144ccf1df_6.0.19041.1110_none_60b5254171f9507e;C:\Program Files\Java\jdk-17.0.1\bin\server

VM Arguments:
jvm_args: -Dclassworlds.conf=C:\Program Files\NetBeans-13\netbeans\java\maven\bin\m2.conf -Dmaven.home=C:\Program Files\NetBeans-13\netbeans\java\maven -Dlibrary.jansi.path=C:\Program Files\NetBeans-13\netbeans\java\maven\lib\jansi-native -Dmaven.multiModuleProjectDirectory=C:\Users\brenno.lima\OneDrive - Works Informatica\Documentos\NetBeansProjects\Projeto\Projeto 
java_command: org.codehaus.plexus.classworlds.launcher.Launcher -Dexec.vmArgs= -Dexec.args=${exec.vmArgs} -classpath %classpath ${exec.mainClass} ${exec.appArgs} -Dexec.appArgs= -Dexec.mainClass=charada.jogo_textual -Dexec.executable=C:\Program Files\Java\jdk-17.0.1\bin\java.exe -Dmaven.ext.class.path=C:\Program Files\NetBeans-13\netbeans\java\maven-nblib\netbeans-eventspy.jar -Dfile.encoding=UTF-8 org.codehaus.mojo:exec-maven-plugin:3.0.0:exec
java_class_path (initial): C:\Program Files\NetBeans-13\netbeans\java\maven\boot\plexus-classworlds-2.6.0.jar
Launcher Type: SUN_STANDARD

[Global flags]
     intx CICompilerCount                          = 3                                         {product} {ergonomic}
     uint ConcGCThreads                            = 1                                         {product} {ergonomic}
     uint G1ConcRefinementThreads                  = 4                                         {product} {ergonomic}
   size_t G1HeapRegionSize                         = 2097152                                   {product} {ergonomic}
    uintx GCDrainStackTargetSize                   = 64                                        {product} {ergonomic}
   size_t InitialHeapSize                          = 268435456                                 {product} {ergonomic}
   size_t MarkStackSize                            = 4194304                                   {product} {ergonomic}
   size_t MaxHeapSize                              = 4265607168                                {product} {ergonomic}
   size_t MaxNewSize                               = 2558525440                                {product} {ergonomic}
   size_t MinHeapDeltaBytes                        = 2097152                                   {product} {ergonomic}
   size_t MinHeapSize                              = 8388608                                   {product} {ergonomic}
    uintx NonNMethodCodeHeapSize                   = 5832780                                {pd product} {ergonomic}
    uintx NonProfiledCodeHeapSize                  = 122912730                              {pd product} {ergonomic}
    uintx ProfiledCodeHeapSize                     = 122912730                              {pd product} {ergonomic}
    uintx ReservedCodeCacheSize                    = 251658240                              {pd product} {ergonomic}
     bool SegmentedCodeCache                       = true                                      {product} {ergonomic}
   size_t SoftMaxHeapSize                          = 4265607168                             {manageable} {ergonomic}
     bool UseCompressedClassPointers               = true                           {product lp64_product} {ergonomic}
     bool UseCompressedOops                        = true                           {product lp64_product} {ergonomic}
     bool UseG1GC                                  = true                                      {product} {ergonomic}
     bool UseLargePagesIndividualAllocation        = false                                  {pd product} {ergonomic}

Logging:
Log output configuration:
 #0: stdout all=warning uptime,level,tags
 #1: stderr all=off uptime,level,tags

Environment Variables:
JAVA_HOME=C:\Program Files\Java\jdk-17.0.1
CLASSPATH=C:\Program Files (x86)\SAP\SAP Business One DI API\JCO\LIB\sbowrapper.jar;C:\Program Files (x86)\SAP\SAP Business One DI API\JCO\LIB\sboapi.jar
PATH=C:\Program Files (x86)\Common Files\Oracle\Java\javapath;C:\Program Files\Common Files\Oracle\Java\javapath;C:\Windows\system32;C:\Windows;C:\Windows\System32\Wbem;C:\Windows\System32\WindowsPowerShell\v1.0\;C:\Windows\System32\OpenSSH\;C:\Program Files\Microsoft SQL Server\Client SDK\ODBC\170\Tools\Binn\;C:\Program Files (x86)\Microsoft SQL Server\150\Tools\Binn\;C:\Program Files\Microsoft SQL Server\150\Tools\Binn\;C:\Program Files\Microsoft SQL Server\150\DTS\Binn\;C:\Program Files (x86)\Microsoft SQL Server\150\DTS\Binn\;C:\Program Files\Azure Data Studio\bin;C:\Program Files (x86)\SAP\SAP Business One DI API\JCO\LIB\;C:\Program Files (x86)\SAP\SAP Business One DI API\DI API 90;C:\Program Files (x86)\SAP\SAP Business One\;C:\Program Files (x86)\Intel\Intel(R) Management Engine Components\DAL;C:\Program Files\Intel\Intel(R) Management Engine Components\DAL;C:\Program Files\MySQL\MySQL Shell 8.0\bin\;C:\Users\brenno.lima\AppData\Local\Microsoft\WindowsApps;C:\Users\brenno.lima\AppData\Local\Programs\Microsoft VS Code\bin;C:\Users\brenno.lima\AppData\Local\GitHubDesktop\bin;C:\Users\brenno.lima\AppData\Local\Programs\Git\cmd;C:\Program Files\Azure Data Studio\bin
USERNAME=brenno.lima
OS=Windows_NT
PROCESSOR_IDENTIFIER=Intel64 Family 6 Model 142 Stepping 9, GenuineIntel



---------------  S Y S T E M  ---------------

OS:
 Windows 10 , 64 bit Build 19041 (10.0.19041.1706)
OS uptime: 7 days 7:12 hours

CPU: total 4 (initial active 4) (2 cores per cpu, 2 threads per core) family 6 model 142 stepping 9 microcode 0xec, cx8, cmov, fxsr, ht, mmx, 3dnowpref, sse, sse2, sse3, ssse3, sse4.1, sse4.2, popcnt, lzcnt, tsc, tscinvbit, avx, avx2, aes, erms, clmul, bmi1, bmi2, adx, fma, vzeroupper, clflush, clflushopt

Memory: 4k page, system-wide physical 16265M (8716M free)
TotalPageFile size 20361M (AvailPageFile size 4M)
current process WorkingSet (physical memory assigned to process): 32M, peak: 32M
current process commit charge ("private bytes"): 330M, peak: 330M

vm_info: Java HotSpot(TM) 64-Bit Server VM (17.0.1+12-LTS-39) for windows-amd64 JRE (17.0.1+12-LTS-39), built on Sep 27 2021 18:41:35 by "mach5one" with MS VC++ 16.8 (VS2019)

END.
